Performing configuration checks

    - has_icu builds           : no

Component configuration:

    - atomic                   : not building
    - chrono                   : not building
    - container                : not building
    - context                  : not building
    - coroutine                : not building
    - date_time                : not building
    - exception                : not building
    - filesystem               : not building
    - graph                    : not building
    - graph_parallel           : not building
    - iostreams                : not building
    - locale                   : not building
    - log                      : not building
    - math                     : not building
    - mpi                      : not building
    - program_options          : not building
    - python                   : not building
    - random                   : not building
    - regex                    : building
    - serialization            : not building
    - signals                  : not building
    - system                   : not building
    - test                     : not building
    - thread                   : not building
    - timer                    : not building
    - wave                     : not building

common.mkdir Build/boost/bin.v2/libs/regex/build/7f927638a298a02d90a6384ba4ab2448

        mkdir -p "Build/boost/bin.v2/libs/regex/build/7f927638a298a02d90a6384ba4ab2448"
    
clang-darwin.compile.c++ Build/boost/bin.v2/libs/regex/build/7f927638a298a02d90a6384ba4ab2448/c_regex_traits.o

    "clang++" -x c++ -fPIC -std=c++11 -stdlib=libc++ -O3 -O3 -finline-functions -Wno-inline -Wall -pedantic -DBOOST_ALL_NO_LIB=1 -DNDEBUG -I"." -c -o "Build/boost/bin.v2/libs/regex/build/7f927638a298a02d90a6384ba4ab2448/c_regex_traits.o" "libs/regex/build/../src/c_regex_traits.cpp"

clang-darwin.compile.c++ Build/boost/bin.v2/libs/regex/build/7f927638a298a02d90a6384ba4ab2448/cpp_regex_traits.o

    "clang++" -x c++ -fPIC -std=c++11 -stdlib=libc++ -O3 -O3 -finline-functions -Wno-inline -Wall -pedantic -DBOOST_ALL_NO_LIB=1 -DNDEBUG -I"." -c -o "Build/boost/bin.v2/libs/regex/build/7f927638a298a02d90a6384ba4ab2448/cpp_regex_traits.o" "libs/regex/build/../src/cpp_regex_traits.cpp"

clang-darwin.compile.c++ Build/boost/bin.v2/libs/regex/build/7f927638a298a02d90a6384ba4ab2448/cregex.o

    "clang++" -x c++ -fPIC -std=c++11 -stdlib=libc++ -O3 -O3 -finline-functions -Wno-inline -Wall -pedantic -DBOOST_ALL_NO_LIB=1 -DNDEBUG -I"." -c -o "Build/boost/bin.v2/libs/regex/build/7f927638a298a02d90a6384ba4ab2448/cregex.o" "libs/regex/build/../src/cregex.cpp"

clang-darwin.compile.c++ Build/boost/bin.v2/libs/regex/build/7f927638a298a02d90a6384ba4ab2448/fileiter.o

    "clang++" -x c++ -fPIC -std=c++11 -stdlib=libc++ -O3 -O3 -finline-functions -Wno-inline -Wall -pedantic -DBOOST_ALL_NO_LIB=1 -DNDEBUG -I"." -c -o "Build/boost/bin.v2/libs/regex/build/7f927638a298a02d90a6384ba4ab2448/fileiter.o" "libs/regex/build/../src/fileiter.cpp"

clang-darwin.compile.c++ Build/boost/bin.v2/libs/regex/build/7f927638a298a02d90a6384ba4ab2448/icu.o

    "clang++" -x c++ -fPIC -std=c++11 -stdlib=libc++ -O3 -O3 -finline-functions -Wno-inline -Wall -pedantic -DBOOST_ALL_NO_LIB=1 -DNDEBUG -I"." -c -o "Build/boost/bin.v2/libs/regex/build/7f927638a298a02d90a6384ba4ab2448/icu.o" "libs/regex/build/../src/icu.cpp"

clang-darwin.compile.c++ Build/boost/bin.v2/libs/regex/build/7f927638a298a02d90a6384ba4ab2448/instances.o

    "clang++" -x c++ -fPIC -std=c++11 -stdlib=libc++ -O3 -O3 -finline-functions -Wno-inline -Wall -pedantic -DBOOST_ALL_NO_LIB=1 -DNDEBUG -I"." -c -o "Build/boost/bin.v2/libs/regex/build/7f927638a298a02d90a6384ba4ab2448/instances.o" "libs/regex/build/../src/instances.cpp"

clang-darwin.compile.c++ Build/boost/bin.v2/libs/regex/build/7f927638a298a02d90a6384ba4ab2448/posix_api.o

    "clang++" -x c++ -fPIC -std=c++11 -stdlib=libc++ -O3 -O3 -finline-functions -Wno-inline -Wall -pedantic -DBOOST_ALL_NO_LIB=1 -DNDEBUG -I"." -c -o "Build/boost/bin.v2/libs/regex/build/7f927638a298a02d90a6384ba4ab2448/posix_api.o" "libs/regex/build/../src/posix_api.cpp"

clang-darwin.compile.c++ Build/boost/bin.v2/libs/regex/build/7f927638a298a02d90a6384ba4ab2448/regex.o

    "clang++" -x c++ -fPIC -std=c++11 -stdlib=libc++ -O3 -O3 -finline-functions -Wno-inline -Wall -pedantic -DBOOST_ALL_NO_LIB=1 -DNDEBUG -I"." -c -o "Build/boost/bin.v2/libs/regex/build/7f927638a298a02d90a6384ba4ab2448/regex.o" "libs/regex/build/../src/regex.cpp"

clang-darwin.compile.c++ Build/boost/bin.v2/libs/regex/build/7f927638a298a02d90a6384ba4ab2448/regex_debug.o

    "clang++" -x c++ -fPIC -std=c++11 -stdlib=libc++ -O3 -O3 -finline-functions -Wno-inline -Wall -pedantic -DBOOST_ALL_NO_LIB=1 -DNDEBUG -I"." -c -o "Build/boost/bin.v2/libs/regex/build/7f927638a298a02d90a6384ba4ab2448/regex_debug.o" "libs/regex/build/../src/regex_debug.cpp"

clang-darwin.compile.c++ Build/boost/bin.v2/libs/regex/build/7f927638a298a02d90a6384ba4ab2448/regex_raw_buffer.o

    "clang++" -x c++ -fPIC -std=c++11 -stdlib=libc++ -O3 -O3 -finline-functions -Wno-inline -Wall -pedantic -DBOOST_ALL_NO_LIB=1 -DNDEBUG -I"." -c -o "Build/boost/bin.v2/libs/regex/build/7f927638a298a02d90a6384ba4ab2448/regex_raw_buffer.o" "libs/regex/build/../src/regex_raw_buffer.cpp"

libs/regex/build/../src/regex_raw_buffer.cpp:39:4: warning: 'register' storage class specifier is deprecated [-Wdeprecated-register]
   register size_type newsize = start ? last - start : 1024;
   ^~~~~~~~~
libs/regex/build/../src/regex_raw_buffer.cpp:42:4: warning: 'register' storage class specifier is deprecated [-Wdeprecated-register]
   register size_type datasize = end - start;
   ^~~~~~~~~
libs/regex/build/../src/regex_raw_buffer.cpp:47:4: warning: 'register' storage class specifier is deprecated [-Wdeprecated-register]
   register pointer ptr = static_cast<pointer>(::operator new(newsize));
   ^~~~~~~~~
libs/regex/build/../src/regex_raw_buffer.cpp:66:4: warning: 'register' storage class specifier is deprecated [-Wdeprecated-register]
   register void* result = start + pos;
   ^~~~~~~~~
4 warnings generated.
clang-darwin.compile.c++ Build/boost/bin.v2/libs/regex/build/7f927638a298a02d90a6384ba4ab2448/regex_traits_defaults.o

    "clang++" -x c++ -fPIC -std=c++11 -stdlib=libc++ -O3 -O3 -finline-functions -Wno-inline -Wall -pedantic -DBOOST_ALL_NO_LIB=1 -DNDEBUG -I"." -c -o "Build/boost/bin.v2/libs/regex/build/7f927638a298a02d90a6384ba4ab2448/regex_traits_defaults.o" "libs/regex/build/../src/regex_traits_defaults.cpp"

clang-darwin.compile.c++ Build/boost/bin.v2/libs/regex/build/7f927638a298a02d90a6384ba4ab2448/static_mutex.o

    "clang++" -x c++ -fPIC -std=c++11 -stdlib=libc++ -O3 -O3 -finline-functions -Wno-inline -Wall -pedantic -DBOOST_ALL_NO_LIB=1 -DNDEBUG -I"." -c -o "Build/boost/bin.v2/libs/regex/build/7f927638a298a02d90a6384ba4ab2448/static_mutex.o" "libs/regex/build/../src/static_mutex.cpp"

clang-darwin.compile.c++ Build/boost/bin.v2/libs/regex/build/7f927638a298a02d90a6384ba4ab2448/w32_regex_traits.o

    "clang++" -x c++ -fPIC -std=c++11 -stdlib=libc++ -O3 -O3 -finline-functions -Wno-inline -Wall -pedantic -DBOOST_ALL_NO_LIB=1 -DNDEBUG -I"." -c -o "Build/boost/bin.v2/libs/regex/build/7f927638a298a02d90a6384ba4ab2448/w32_regex_traits.o" "libs/regex/build/../src/w32_regex_traits.cpp"

clang-darwin.compile.c++ Build/boost/bin.v2/libs/regex/build/7f927638a298a02d90a6384ba4ab2448/wc_regex_traits.o

    "clang++" -x c++ -fPIC -std=c++11 -stdlib=libc++ -O3 -O3 -finline-functions -Wno-inline -Wall -pedantic -DBOOST_ALL_NO_LIB=1 -DNDEBUG -I"." -c -o "Build/boost/bin.v2/libs/regex/build/7f927638a298a02d90a6384ba4ab2448/wc_regex_traits.o" "libs/regex/build/../src/wc_regex_traits.cpp"

clang-darwin.compile.c++ Build/boost/bin.v2/libs/regex/build/7f927638a298a02d90a6384ba4ab2448/wide_posix_api.o

    "clang++" -x c++ -fPIC -std=c++11 -stdlib=libc++ -O3 -O3 -finline-functions -Wno-inline -Wall -pedantic -DBOOST_ALL_NO_LIB=1 -DNDEBUG -I"." -c -o "Build/boost/bin.v2/libs/regex/build/7f927638a298a02d90a6384ba4ab2448/wide_posix_api.o" "libs/regex/build/../src/wide_posix_api.cpp"

clang-darwin.compile.c++ Build/boost/bin.v2/libs/regex/build/7f927638a298a02d90a6384ba4ab2448/winstances.o

    "clang++" -x c++ -fPIC -std=c++11 -stdlib=libc++ -O3 -O3 -finline-functions -Wno-inline -Wall -pedantic -DBOOST_ALL_NO_LIB=1 -DNDEBUG -I"." -c -o "Build/boost/bin.v2/libs/regex/build/7f927638a298a02d90a6384ba4ab2448/winstances.o" "libs/regex/build/../src/winstances.cpp"

clang-darwin.compile.c++ Build/boost/bin.v2/libs/regex/build/7f927638a298a02d90a6384ba4ab2448/usinstances.o

    "clang++" -x c++ -fPIC -std=c++11 -stdlib=libc++ -O3 -O3 -finline-functions -Wno-inline -Wall -pedantic -DBOOST_ALL_NO_LIB=1 -DNDEBUG -I"." -c -o "Build/boost/bin.v2/libs/regex/build/7f927638a298a02d90a6384ba4ab2448/usinstances.o" "libs/regex/build/../src/usinstances.cpp"

RmTemps Build/boost/bin.v2/libs/regex/build/7f927638a298a02d90a6384ba4ab2448/libboost_regex-mt.a(clean)

    rm -f "Build/boost/bin.v2/libs/regex/build/7f927638a298a02d90a6384ba4ab2448/libboost_regex-mt.a" 

clang-darwin.archive Build/boost/bin.v2/libs/regex/build/7f927638a298a02d90a6384ba4ab2448/libboost_regex-mt.a

  "ar"  rc "Build/boost/bin.v2/libs/regex/build/7f927638a298a02d90a6384ba4ab2448/libboost_regex-mt.a" "Build/boost/bin.v2/libs/regex/build/7f927638a298a02d90a6384ba4ab2448/c_regex_traits.o" "Build/boost/bin.v2/libs/regex/build/7f927638a298a02d90a6384ba4ab2448/cpp_regex_traits.o" "Build/boost/bin.v2/libs/regex/build/7f927638a298a02d90a6384ba4ab2448/cregex.o" "Build/boost/bin.v2/libs/regex/build/7f927638a298a02d90a6384ba4ab2448/fileiter.o" "Build/boost/bin.v2/libs/regex/build/7f927638a298a02d90a6384ba4ab2448/icu.o" "Build/boost/bin.v2/libs/regex/build/7f927638a298a02d90a6384ba4ab2448/instances.o" "Build/boost/bin.v2/libs/regex/build/7f927638a298a02d90a6384ba4ab2448/posix_api.o" "Build/boost/bin.v2/libs/regex/build/7f927638a298a02d90a6384ba4ab2448/regex.o" "Build/boost/bin.v2/libs/regex/build/7f927638a298a02d90a6384ba4ab2448/regex_debug.o" "Build/boost/bin.v2/libs/regex/build/7f927638a298a02d90a6384ba4ab2448/regex_raw_buffer.o" "Build/boost/bin.v2/libs/regex/build/7f927638a298a02d90a6384ba4ab2448/regex_traits_defaults.o" "Build/boost/bin.v2/libs/regex/build/7f927638a298a02d90a6384ba4ab2448/static_mutex.o" "Build/boost/bin.v2/libs/regex/build/7f927638a298a02d90a6384ba4ab2448/w32_regex_traits.o" "Build/boost/bin.v2/libs/regex/build/7f927638a298a02d90a6384ba4ab2448/wc_regex_traits.o" "Build/boost/bin.v2/libs/regex/build/7f927638a298a02d90a6384ba4ab2448/wide_posix_api.o" "Build/boost/bin.v2/libs/regex/build/7f927638a298a02d90a6384ba4ab2448/winstances.o" "Build/boost/bin.v2/libs/regex/build/7f927638a298a02d90a6384ba4ab2448/usinstances.o"
  "ranlib" -cs "Build/boost/bin.v2/libs/regex/build/7f927638a298a02d90a6384ba4ab2448/libboost_regex-mt.a"

/Applications/Xcode.app/Contents/Developer/Toolchains/XcodeDefault.xctoolchain/usr/bin/ranlib: file: Build/boost/bin.v2/libs/regex/build/7f927638a298a02d90a6384ba4ab2448/libboost_regex-mt.a(icu.o) has no symbols
/Applications/Xcode.app/Contents/Developer/Toolchains/XcodeDefault.xctoolchain/usr/bin/ranlib: file: Build/boost/bin.v2/libs/regex/build/7f927638a298a02d90a6384ba4ab2448/libboost_regex-mt.a(regex_debug.o) has no symbols
/Applications/Xcode.app/Contents/Developer/Toolchains/XcodeDefault.xctoolchain/usr/bin/ranlib: file: Build/boost/bin.v2/libs/regex/build/7f927638a298a02d90a6384ba4ab2448/libboost_regex-mt.a(w32_regex_traits.o) has no symbols
/Applications/Xcode.app/Contents/Developer/Toolchains/XcodeDefault.xctoolchain/usr/bin/ranlib: file: Build/boost/bin.v2/libs/regex/build/7f927638a298a02d90a6384ba4ab2448/libboost_regex-mt.a(usinstances.o) has no symbols
/Applications/Xcode.app/Contents/Developer/Toolchains/XcodeDefault.xctoolchain/usr/bin/ranlib: file: Build/boost/bin.v2/libs/regex/build/7f927638a298a02d90a6384ba4ab2448/libboost_regex-mt.a(icu.o) has no symbols
/Applications/Xcode.app/Contents/Developer/Toolchains/XcodeDefault.xctoolchain/usr/bin/ranlib: file: Build/boost/bin.v2/libs/regex/build/7f927638a298a02d90a6384ba4ab2448/libboost_regex-mt.a(regex_debug.o) has no symbols
/Applications/Xcode.app/Contents/Developer/Toolchains/XcodeDefault.xctoolchain/usr/bin/ranlib: file: Build/boost/bin.v2/libs/regex/build/7f927638a298a02d90a6384ba4ab2448/libboost_regex-mt.a(w32_regex_traits.o) has no symbols
/Applications/Xcode.app/Contents/Developer/Toolchains/XcodeDefault.xctoolchain/usr/bin/ranlib: file: Build/boost/bin.v2/libs/regex/build/7f927638a298a02d90a6384ba4ab2448/libboost_regex-mt.a(usinstances.o) has no symbols
common.copy stage/lib/libboost_regex-mt.a

    cp "Build/boost/bin.v2/libs/regex/build/7f927638a298a02d90a6384ba4ab2448/libboost_regex-mt.a"  "stage/lib/libboost_regex-mt.a"

