
Component configuration:

    - atomic                   : not building
    - chrono                   : building
    - container                : not building
    - context                  : not building
    - coroutine                : not building
    - date_time                : not building
    - exception                : not building
    - filesystem               : not building
    - graph                    : not building
    - graph_parallel           : not building
    - iostreams                : not building
    - locale                   : not building
    - log                      : not building
    - math                     : not building
    - mpi                      : not building
    - program_options          : not building
    - python                   : not building
    - random                   : not building
    - regex                    : not building
    - serialization            : not building
    - signals                  : not building
    - system                   : not building
    - test                     : not building
    - thread                   : not building
    - timer                    : not building
    - wave                     : not building

common.mkdir Build/boost/bin.v2/libs/chrono

        mkdir -p "Build/boost/bin.v2/libs/chrono"
    
common.mkdir Build/boost/bin.v2/libs/chrono/build

        mkdir -p "Build/boost/bin.v2/libs/chrono/build"
    
common.mkdir Build/boost/bin.v2/libs/chrono/build/7f927638a298a02d90a6384ba4ab2448

        mkdir -p "Build/boost/bin.v2/libs/chrono/build/7f927638a298a02d90a6384ba4ab2448"
    
clang-darwin.compile.c++ Build/boost/bin.v2/libs/chrono/build/7f927638a298a02d90a6384ba4ab2448/chrono.o

    "clang++" -x c++ -Wextra -Wno-long-long -Wno-variadic-macros -fPIC -pedantic -std=c++11 -stdlib=libc++ -O3 -O3 -finline-functions -Wno-inline -Wall -DBOOST_ALL_NO_LIB=1 -DBOOST_All_STATIC_LINK=1 -DBOOST_SYSTEM_NO_DEPRECATED -DBOOST_SYSTEM_STATIC_LINK=1 -DNDEBUG -I"." -c -o "Build/boost/bin.v2/libs/chrono/build/7f927638a298a02d90a6384ba4ab2448/chrono.o" "libs/chrono/src/chrono.cpp"

clang-darwin.compile.c++ Build/boost/bin.v2/libs/chrono/build/7f927638a298a02d90a6384ba4ab2448/thread_clock.o

    "clang++" -x c++ -Wextra -Wno-long-long -Wno-variadic-macros -fPIC -pedantic -std=c++11 -stdlib=libc++ -O3 -O3 -finline-functions -Wno-inline -Wall -DBOOST_ALL_NO_LIB=1 -DBOOST_All_STATIC_LINK=1 -DBOOST_SYSTEM_NO_DEPRECATED -DBOOST_SYSTEM_STATIC_LINK=1 -DNDEBUG -I"." -c -o "Build/boost/bin.v2/libs/chrono/build/7f927638a298a02d90a6384ba4ab2448/thread_clock.o" "libs/chrono/src/thread_clock.cpp"

clang-darwin.compile.c++ Build/boost/bin.v2/libs/chrono/build/7f927638a298a02d90a6384ba4ab2448/process_cpu_clocks.o

    "clang++" -x c++ -Wextra -Wno-long-long -Wno-variadic-macros -fPIC -pedantic -std=c++11 -stdlib=libc++ -O3 -O3 -finline-functions -Wno-inline -Wall -DBOOST_ALL_NO_LIB=1 -DBOOST_All_STATIC_LINK=1 -DBOOST_SYSTEM_NO_DEPRECATED -DBOOST_SYSTEM_STATIC_LINK=1 -DNDEBUG -I"." -c -o "Build/boost/bin.v2/libs/chrono/build/7f927638a298a02d90a6384ba4ab2448/process_cpu_clocks.o" "libs/chrono/src/process_cpu_clocks.cpp"

RmTemps Build/boost/bin.v2/libs/chrono/build/7f927638a298a02d90a6384ba4ab2448/libboost_chrono-mt.a(clean)

    rm -f "Build/boost/bin.v2/libs/chrono/build/7f927638a298a02d90a6384ba4ab2448/libboost_chrono-mt.a" 

clang-darwin.archive Build/boost/bin.v2/libs/chrono/build/7f927638a298a02d90a6384ba4ab2448/libboost_chrono-mt.a

  "ar"  rc "Build/boost/bin.v2/libs/chrono/build/7f927638a298a02d90a6384ba4ab2448/libboost_chrono-mt.a" "Build/boost/bin.v2/libs/chrono/build/7f927638a298a02d90a6384ba4ab2448/chrono.o" "Build/boost/bin.v2/libs/chrono/build/7f927638a298a02d90a6384ba4ab2448/thread_clock.o" "Build/boost/bin.v2/libs/chrono/build/7f927638a298a02d90a6384ba4ab2448/process_cpu_clocks.o"
  "ranlib" -cs "Build/boost/bin.v2/libs/chrono/build/7f927638a298a02d90a6384ba4ab2448/libboost_chrono-mt.a"

common.copy stage/lib/libboost_chrono-mt.a

    cp "Build/boost/bin.v2/libs/chrono/build/7f927638a298a02d90a6384ba4ab2448/libboost_chrono-mt.a"  "stage/lib/libboost_chrono-mt.a"

