Performing configuration checks

    - zlib                     : yes

Component configuration:

    - atomic                   : not building
    - chrono                   : not building
    - container                : not building
    - context                  : not building
    - coroutine                : not building
    - date_time                : not building
    - exception                : not building
    - filesystem               : not building
    - graph                    : not building
    - graph_parallel           : not building
    - iostreams                : building
    - locale                   : not building
    - log                      : not building
    - math                     : not building
    - mpi                      : not building
    - program_options          : not building
    - python                   : not building
    - random                   : not building
    - regex                    : not building
    - serialization            : not building
    - signals                  : not building
    - system                   : not building
    - test                     : not building
    - thread                   : not building
    - timer                    : not building
    - wave                     : not building

common.mkdir Build/boost/bin.v2/libs/iostreams

        mkdir -p "Build/boost/bin.v2/libs/iostreams"
    
common.mkdir Build/boost/bin.v2/libs/iostreams/build

        mkdir -p "Build/boost/bin.v2/libs/iostreams/build"
    
common.mkdir Build/boost/bin.v2/libs/iostreams/build/7f927638a298a02d90a6384ba4ab2448

        mkdir -p "Build/boost/bin.v2/libs/iostreams/build/7f927638a298a02d90a6384ba4ab2448"
    
clang-darwin.compile.c++ Build/boost/bin.v2/libs/iostreams/build/7f927638a298a02d90a6384ba4ab2448/file_descriptor.o

    "clang++" -x c++ -fPIC -std=c++11 -stdlib=libc++ -O3 -O3 -finline-functions -Wno-inline -Wall -DBOOST_ALL_NO_LIB=1 -DBOOST_IOSTREAMS_USE_DEPRECATED -DNDEBUG -I"." -c -o "Build/boost/bin.v2/libs/iostreams/build/7f927638a298a02d90a6384ba4ab2448/file_descriptor.o" "libs/iostreams/src/file_descriptor.cpp"

clang-darwin.compile.c++ Build/boost/bin.v2/libs/iostreams/build/7f927638a298a02d90a6384ba4ab2448/mapped_file.o

    "clang++" -x c++ -fPIC -std=c++11 -stdlib=libc++ -O3 -O3 -finline-functions -Wno-inline -Wall -DBOOST_ALL_NO_LIB=1 -DBOOST_IOSTREAMS_USE_DEPRECATED -DNDEBUG -I"." -c -o "Build/boost/bin.v2/libs/iostreams/build/7f927638a298a02d90a6384ba4ab2448/mapped_file.o" "libs/iostreams/src/mapped_file.cpp"

clang-darwin.compile.c++ Build/boost/bin.v2/libs/iostreams/build/7f927638a298a02d90a6384ba4ab2448/bzip2.o

    "clang++" -x c++ -fPIC -std=c++11 -stdlib=libc++ -O3 -O3 -finline-functions -Wno-inline -Wall -DBOOST_ALL_NO_LIB=1 -DBOOST_IOSTREAMS_USE_DEPRECATED -DNDEBUG -I"." -c -o "Build/boost/bin.v2/libs/iostreams/build/7f927638a298a02d90a6384ba4ab2448/bzip2.o" "libs/iostreams/src/bzip2.cpp"

clang-darwin.compile.c++ Build/boost/bin.v2/libs/iostreams/build/7f927638a298a02d90a6384ba4ab2448/gzip.o

    "clang++" -x c++ -fPIC -std=c++11 -stdlib=libc++ -O3 -O3 -finline-functions -Wno-inline -Wall -DBOOST_ALL_NO_LIB=1 -DBOOST_IOSTREAMS_USE_DEPRECATED -DNDEBUG -I"." -c -o "Build/boost/bin.v2/libs/iostreams/build/7f927638a298a02d90a6384ba4ab2448/gzip.o" "libs/iostreams/src/gzip.cpp"

clang-darwin.compile.c++ Build/boost/bin.v2/libs/iostreams/build/7f927638a298a02d90a6384ba4ab2448/zlib.o

    "clang++" -x c++ -fPIC -std=c++11 -stdlib=libc++ -O3 -O3 -finline-functions -Wno-inline -Wall -DBOOST_ALL_NO_LIB=1 -DBOOST_IOSTREAMS_USE_DEPRECATED -DNDEBUG -I"." -c -o "Build/boost/bin.v2/libs/iostreams/build/7f927638a298a02d90a6384ba4ab2448/zlib.o" "libs/iostreams/src/zlib.cpp"

RmTemps Build/boost/bin.v2/libs/iostreams/build/7f927638a298a02d90a6384ba4ab2448/libboost_iostreams-mt.a(clean)

    rm -f "Build/boost/bin.v2/libs/iostreams/build/7f927638a298a02d90a6384ba4ab2448/libboost_iostreams-mt.a" 

clang-darwin.archive Build/boost/bin.v2/libs/iostreams/build/7f927638a298a02d90a6384ba4ab2448/libboost_iostreams-mt.a

  "ar"  rc "Build/boost/bin.v2/libs/iostreams/build/7f927638a298a02d90a6384ba4ab2448/libboost_iostreams-mt.a" "Build/boost/bin.v2/libs/iostreams/build/7f927638a298a02d90a6384ba4ab2448/file_descriptor.o" "Build/boost/bin.v2/libs/iostreams/build/7f927638a298a02d90a6384ba4ab2448/mapped_file.o" "Build/boost/bin.v2/libs/iostreams/build/7f927638a298a02d90a6384ba4ab2448/bzip2.o" "Build/boost/bin.v2/libs/iostreams/build/7f927638a298a02d90a6384ba4ab2448/gzip.o" "Build/boost/bin.v2/libs/iostreams/build/7f927638a298a02d90a6384ba4ab2448/zlib.o"
  "ranlib" -cs "Build/boost/bin.v2/libs/iostreams/build/7f927638a298a02d90a6384ba4ab2448/libboost_iostreams-mt.a"

common.copy stage/lib/libboost_iostreams-mt.a

    cp "Build/boost/bin.v2/libs/iostreams/build/7f927638a298a02d90a6384ba4ab2448/libboost_iostreams-mt.a"  "stage/lib/libboost_iostreams-mt.a"

