
Component configuration:

    - atomic                   : not building
    - chrono                   : not building
    - container                : not building
    - context                  : building
    - coroutine                : not building
    - date_time                : not building
    - exception                : not building
    - filesystem               : not building
    - graph                    : not building
    - graph_parallel           : not building
    - iostreams                : not building
    - locale                   : not building
    - log                      : not building
    - math                     : not building
    - mpi                      : not building
    - program_options          : not building
    - python                   : not building
    - random                   : not building
    - regex                    : not building
    - serialization            : not building
    - signals                  : not building
    - system                   : not building
    - test                     : not building
    - thread                   : not building
    - timer                    : not building
    - wave                     : not building

common.mkdir Build/boost/bin.v2/libs/context

        mkdir -p "Build/boost/bin.v2/libs/context"
    
common.mkdir Build/boost/bin.v2/libs/context/build

        mkdir -p "Build/boost/bin.v2/libs/context/build"
    
common.mkdir Build/boost/bin.v2/libs/context/build/7f927638a298a02d90a6384ba4ab2448

        mkdir -p "Build/boost/bin.v2/libs/context/build/7f927638a298a02d90a6384ba4ab2448"
    
common.mkdir Build/boost/bin.v2/libs/context/build/7f927638a298a02d90a6384ba4ab2448/asm

        mkdir -p "Build/boost/bin.v2/libs/context/build/7f927638a298a02d90a6384ba4ab2448/asm"
    
clang-darwin.compile.asm Build/boost/bin.v2/libs/context/build/7f927638a298a02d90a6384ba4ab2448/asm/make_combined_sysv_macho_gas.o

    "clang++" -x assembler-with-cpp -O3 -O3 -finline-functions -Wno-inline -Wall -DBOOST_ALL_NO_LIB=1 -DBOOST_CONTEXT_SOURCE -DNDEBUG -I"." -c -o "Build/boost/bin.v2/libs/context/build/7f927638a298a02d90a6384ba4ab2448/asm/make_combined_sysv_macho_gas.o" "libs/context/src/asm/make_combined_sysv_macho_gas.S"

clang-darwin.compile.asm Build/boost/bin.v2/libs/context/build/7f927638a298a02d90a6384ba4ab2448/asm/jump_combined_sysv_macho_gas.o

    "clang++" -x assembler-with-cpp -O3 -O3 -finline-functions -Wno-inline -Wall -DBOOST_ALL_NO_LIB=1 -DBOOST_CONTEXT_SOURCE -DNDEBUG -I"." -c -o "Build/boost/bin.v2/libs/context/build/7f927638a298a02d90a6384ba4ab2448/asm/jump_combined_sysv_macho_gas.o" "libs/context/src/asm/jump_combined_sysv_macho_gas.S"

RmTemps Build/boost/bin.v2/libs/context/build/7f927638a298a02d90a6384ba4ab2448/libboost_context-mt.a(clean)

    rm -f "Build/boost/bin.v2/libs/context/build/7f927638a298a02d90a6384ba4ab2448/libboost_context-mt.a" 

clang-darwin.archive Build/boost/bin.v2/libs/context/build/7f927638a298a02d90a6384ba4ab2448/libboost_context-mt.a

  "ar"  rc "Build/boost/bin.v2/libs/context/build/7f927638a298a02d90a6384ba4ab2448/libboost_context-mt.a" "Build/boost/bin.v2/libs/context/build/7f927638a298a02d90a6384ba4ab2448/asm/make_combined_sysv_macho_gas.o" "Build/boost/bin.v2/libs/context/build/7f927638a298a02d90a6384ba4ab2448/asm/jump_combined_sysv_macho_gas.o"
  "ranlib" -cs "Build/boost/bin.v2/libs/context/build/7f927638a298a02d90a6384ba4ab2448/libboost_context-mt.a"

common.copy stage/lib/libboost_context-mt.a

    cp "Build/boost/bin.v2/libs/context/build/7f927638a298a02d90a6384ba4ab2448/libboost_context-mt.a"  "stage/lib/libboost_context-mt.a"

