
Component configuration:

    - atomic                   : not building
    - chrono                   : not building
    - container                : not building
    - context                  : not building
    - coroutine                : not building
    - date_time                : building
    - exception                : not building
    - filesystem               : not building
    - graph                    : not building
    - graph_parallel           : not building
    - iostreams                : not building
    - locale                   : not building
    - log                      : not building
    - math                     : not building
    - mpi                      : not building
    - program_options          : not building
    - python                   : not building
    - random                   : not building
    - regex                    : not building
    - serialization            : not building
    - signals                  : not building
    - system                   : not building
    - test                     : not building
    - thread                   : not building
    - timer                    : not building
    - wave                     : not building

common.mkdir Build/boost/bin.v2/libs/date_time

        mkdir -p "Build/boost/bin.v2/libs/date_time"
    
common.mkdir Build/boost/bin.v2/libs/date_time/build

        mkdir -p "Build/boost/bin.v2/libs/date_time/build"
    
common.mkdir Build/boost/bin.v2/libs/date_time/build/7f927638a298a02d90a6384ba4ab2448

        mkdir -p "Build/boost/bin.v2/libs/date_time/build/7f927638a298a02d90a6384ba4ab2448"
    
common.mkdir Build/boost/bin.v2/libs/date_time/build/7f927638a298a02d90a6384ba4ab2448/gregorian

        mkdir -p "Build/boost/bin.v2/libs/date_time/build/7f927638a298a02d90a6384ba4ab2448/gregorian"
    
clang-darwin.compile.c++ Build/boost/bin.v2/libs/date_time/build/7f927638a298a02d90a6384ba4ab2448/gregorian/greg_month.o

    "clang++" -x c++ -fPIC -std=c++11 -stdlib=libc++ -O3 -O3 -finline-functions -Wno-inline -Wall -DBOOST_ALL_NO_LIB=1 -DBOOST_DATE_TIME_STATIC_LINK -DDATE_TIME_INLINE -DNDEBUG -I"." -c -o "Build/boost/bin.v2/libs/date_time/build/7f927638a298a02d90a6384ba4ab2448/gregorian/greg_month.o" "libs/date_time/src/gregorian/greg_month.cpp"

clang-darwin.compile.c++ Build/boost/bin.v2/libs/date_time/build/7f927638a298a02d90a6384ba4ab2448/gregorian/greg_weekday.o

    "clang++" -x c++ -fPIC -std=c++11 -stdlib=libc++ -O3 -O3 -finline-functions -Wno-inline -Wall -DBOOST_ALL_NO_LIB=1 -DBOOST_DATE_TIME_STATIC_LINK -DDATE_TIME_INLINE -DNDEBUG -I"." -c -o "Build/boost/bin.v2/libs/date_time/build/7f927638a298a02d90a6384ba4ab2448/gregorian/greg_weekday.o" "libs/date_time/src/gregorian/greg_weekday.cpp"

clang-darwin.compile.c++ Build/boost/bin.v2/libs/date_time/build/7f927638a298a02d90a6384ba4ab2448/gregorian/date_generators.o

    "clang++" -x c++ -fPIC -std=c++11 -stdlib=libc++ -O3 -O3 -finline-functions -Wno-inline -Wall -DBOOST_ALL_NO_LIB=1 -DBOOST_DATE_TIME_STATIC_LINK -DDATE_TIME_INLINE -DNDEBUG -I"." -c -o "Build/boost/bin.v2/libs/date_time/build/7f927638a298a02d90a6384ba4ab2448/gregorian/date_generators.o" "libs/date_time/src/gregorian/date_generators.cpp"

RmTemps Build/boost/bin.v2/libs/date_time/build/7f927638a298a02d90a6384ba4ab2448/libboost_date_time-mt.a(clean)

    rm -f "Build/boost/bin.v2/libs/date_time/build/7f927638a298a02d90a6384ba4ab2448/libboost_date_time-mt.a" 

clang-darwin.archive Build/boost/bin.v2/libs/date_time/build/7f927638a298a02d90a6384ba4ab2448/libboost_date_time-mt.a

  "ar"  rc "Build/boost/bin.v2/libs/date_time/build/7f927638a298a02d90a6384ba4ab2448/libboost_date_time-mt.a" "Build/boost/bin.v2/libs/date_time/build/7f927638a298a02d90a6384ba4ab2448/gregorian/greg_month.o" "Build/boost/bin.v2/libs/date_time/build/7f927638a298a02d90a6384ba4ab2448/gregorian/greg_weekday.o" "Build/boost/bin.v2/libs/date_time/build/7f927638a298a02d90a6384ba4ab2448/gregorian/date_generators.o"
  "ranlib" -cs "Build/boost/bin.v2/libs/date_time/build/7f927638a298a02d90a6384ba4ab2448/libboost_date_time-mt.a"

common.copy stage/lib/libboost_date_time-mt.a

    cp "Build/boost/bin.v2/libs/date_time/build/7f927638a298a02d90a6384ba4ab2448/libboost_date_time-mt.a"  "stage/lib/libboost_date_time-mt.a"

