This file contains any messages produced by compilers while
running configure, to aid debugging if configure makes a mistake.

It was created by gloox configure 1.0.12, which was
generated by GNU Autoconf 2.69.  Invocation command line was

  $ ./configure CC=clang CXX=clang++ -std=c++11 -stdlib=libc++ CXXFLAGS=-O3

## --------- ##
## Platform. ##
## --------- ##

hostname = MacBook-Pro-de-Jorge.local
uname -m = x86_64
uname -r = 14.0.0
uname -s = Darwin
uname -v = Darwin Kernel Version 14.0.0: Fri Sep 19 00:26:44 PDT 2014; root:xnu-2782.1.97~2/RELEASE_X86_64

/usr/bin/uname -p = i386
/bin/uname -X     = unknown

/bin/arch              = unknown
/usr/bin/arch -k       = unknown
/usr/convex/getsysinfo = unknown
/usr/bin/hostinfo      = Mach kernel version:
	 Darwin Kernel Version 14.0.0: Fri Sep 19 00:26:44 PDT 2014; root:xnu-2782.1.97~2/RELEASE_X86_64
Kernel configured for up to 4 processors.
2 processors are physically available.
4 processors are logically available.
Processor type: x86_64h (Intel x86-64h Haswell)
Processors active: 0 1 2 3
Primary memory available: 8.00 gigabytes
Default processor set: 256 tasks, 1083 threads, 4 processors
Load average: 1.66, Mach factor: 2.33
/bin/machine           = unknown
/usr/bin/oslevel       = unknown
/bin/universe          = unknown

PATH: /usr/local/bin
PATH: /usr/local/bin
PATH: /usr/bin
PATH: /bin
PATH: /usr/sbin
PATH: /sbin
PATH: /usr/local/CrossPack-AVR/bin
PATH: /Users/Rafa/Qt/5.3/clang_64/bin


## ----------- ##
## Core tests. ##
## ----------- ##

configure:2430: checking for a BSD-compatible install
configure:2498: result: /usr/bin/install -c
configure:2509: checking whether build environment is sane
configure:2559: result: yes
configure:2700: checking for a thread-safe mkdir -p
configure:2739: result: ./install-sh -c -d
configure:2752: checking for gawk
configure:2782: result: no
configure:2752: checking for mawk
configure:2782: result: no
configure:2752: checking for nawk
configure:2782: result: no
configure:2752: checking for awk
configure:2768: found /usr/bin/awk
configure:2779: result: awk
configure:2790: checking whether make sets $(MAKE)
configure:2812: result: yes
configure:2905: checking build system type
configure:2919: result: x86_64-apple-darwin14.0.0
configure:2939: checking host system type
configure:2952: result: x86_64-apple-darwin14.0.0
configure:3022: checking for gcc
configure:3049: result: clang
configure:3278: checking for C compiler version
configure:3287: clang --version >&5
Apple LLVM version 6.0 (clang-600.0.54) (based on LLVM 3.5svn)
Target: x86_64-apple-darwin14.0.0
Thread model: posix
configure:3298: $? = 0
configure:3287: clang -v >&5
Apple LLVM version 6.0 (clang-600.0.54) (based on LLVM 3.5svn)
Target: x86_64-apple-darwin14.0.0
Thread model: posix
configure:3298: $? = 0
configure:3287: clang -V >&5
clang: error: argument to '-V' is missing (expected 1 value)
clang: error: no input files
configure:3298: $? = 1
configure:3287: clang -qversion >&5
clang: error: unknown argument: '-qversion'
clang: error: no input files
configure:3298: $? = 1
configure:3318: checking whether the C compiler works
configure:3340: clang    conftest.c  >&5
configure:3344: $? = 0
configure:3392: result: yes
configure:3395: checking for C compiler default output file name
configure:3397: result: a.out
configure:3403: checking for suffix of executables
configure:3410: clang -o conftest    conftest.c  >&5
configure:3414: $? = 0
configure:3436: result: 
configure:3458: checking whether we are cross compiling
configure:3466: clang -o conftest    conftest.c  >&5
configure:3470: $? = 0
configure:3477: ./conftest
configure:3481: $? = 0
configure:3496: result: no
configure:3501: checking for suffix of object files
configure:3523: clang -c   conftest.c >&5
configure:3527: $? = 0
configure:3548: result: o
configure:3552: checking whether we are using the GNU C compiler
configure:3571: clang -c   conftest.c >&5
configure:3571: $? = 0
configure:3580: result: yes
configure:3589: checking whether clang accepts -g
configure:3609: clang -c -g  conftest.c >&5
configure:3609: $? = 0
configure:3650: result: yes
configure:3667: checking for clang option to accept ISO C89
configure:3730: clang  -c -g -O2  conftest.c >&5
configure:3730: $? = 0
configure:3743: result: none needed
configure:3774: checking for style of include used by make
configure:3802: result: GNU
configure:3828: checking dependency style of clang
configure:3939: result: gcc3
configure:4066: checking for C++ compiler version
configure:4075: clang++ -std=c++11 -stdlib=libc++ --version >&5
Apple LLVM version 6.0 (clang-600.0.54) (based on LLVM 3.5svn)
Target: x86_64-apple-darwin14.0.0
Thread model: posix
configure:4086: $? = 0
configure:4075: clang++ -std=c++11 -stdlib=libc++ -v >&5
Apple LLVM version 6.0 (clang-600.0.54) (based on LLVM 3.5svn)
Target: x86_64-apple-darwin14.0.0
Thread model: posix
clang: warning: argument unused during compilation: '-std=c++11'
clang: warning: argument unused during compilation: '-stdlib=libc++'
configure:4086: $? = 0
configure:4075: clang++ -std=c++11 -stdlib=libc++ -V >&5
clang: error: argument to '-V' is missing (expected 1 value)
clang: error: no input files
configure:4086: $? = 1
configure:4075: clang++ -std=c++11 -stdlib=libc++ -qversion >&5
clang: error: unknown argument: '-qversion'
clang: error: no input files
configure:4086: $? = 1
configure:4090: checking whether we are using the GNU C++ compiler
configure:4109: clang++ -std=c++11 -stdlib=libc++ -c -O3  conftest.cpp >&5
configure:4109: $? = 0
configure:4118: result: yes
configure:4127: checking whether clang++ -std=c++11 -stdlib=libc++ accepts -g
configure:4147: clang++ -std=c++11 -stdlib=libc++ -c -g  conftest.cpp >&5
configure:4147: $? = 0
configure:4188: result: yes
configure:4213: checking dependency style of clang++ -std=c++11 -stdlib=libc++
configure:4324: result: gcc3
configure:4382: checking for ranlib
configure:4398: found /usr/bin/ranlib
configure:4409: result: ranlib
configure:4477: checking how to print strings
configure:4504: result: printf
configure:4525: checking for a sed that does not truncate output
configure:4589: result: /usr/bin/sed
configure:4607: checking for grep that handles long lines and -e
configure:4665: result: /usr/bin/grep
configure:4670: checking for egrep
configure:4732: result: /usr/bin/grep -E
configure:4737: checking for fgrep
configure:4799: result: /usr/bin/grep -F
configure:4834: checking for ld used by clang
configure:4901: result: /Applications/Xcode.app/Contents/Developer/Toolchains/XcodeDefault.xctoolchain/usr/bin/ld
configure:4908: checking if the linker (/Applications/Xcode.app/Contents/Developer/Toolchains/XcodeDefault.xctoolchain/usr/bin/ld) is GNU ld
configure:4923: result: no
configure:4935: checking for BSD- or MS-compatible name lister (nm)
configure:4984: result: /usr/bin/nm
configure:5114: checking the name lister (/usr/bin/nm) interface
configure:5121: clang -c -g -O2  conftest.c >&5
configure:5124: /usr/bin/nm "conftest.o"
configure:5127: output
0000000000000224 S _some_variable
configure:5134: result: BSD nm
configure:5137: checking whether ln -s works
configure:5141: result: yes
configure:5149: checking the maximum length of command line arguments
configure:5279: result: 196608
configure:5296: checking whether the shell understands some XSI constructs
configure:5306: result: yes
configure:5310: checking whether the shell understands "+="
configure:5316: result: yes
configure:5351: checking how to convert x86_64-apple-darwin14.0.0 file names to x86_64-apple-darwin14.0.0 format
configure:5391: result: func_convert_file_noop
configure:5398: checking how to convert x86_64-apple-darwin14.0.0 file names to toolchain format
configure:5418: result: func_convert_file_noop
configure:5425: checking for /Applications/Xcode.app/Contents/Developer/Toolchains/XcodeDefault.xctoolchain/usr/bin/ld option to reload object files
configure:5432: result: -r
configure:5506: checking for objdump
configure:5536: result: no
configure:5565: checking how to recognize dependent libraries
configure:5763: result: pass_all
configure:5848: checking for dlltool
configure:5878: result: no
configure:5908: checking how to associate runtime and link libraries
configure:5935: result: printf %s\n
configure:5996: checking for ar
configure:6012: found /usr/bin/ar
configure:6023: result: ar
configure:6060: checking for archiver @FILE support
configure:6077: clang -c -g -O2  conftest.c >&5
configure:6077: $? = 0
configure:6080: ar cru libconftest.a @conftest.lst >&5
ar: @conftest.lst: No such file or directory
configure:6083: $? = 1
configure:6103: result: no
configure:6161: checking for strip
configure:6177: found /usr/bin/strip
configure:6188: result: strip
configure:6260: checking for ranlib
configure:6287: result: ranlib
configure:6389: checking command to parse /usr/bin/nm output from clang object
configure:6509: clang -c -g -O2  conftest.c >&5
configure:6512: $? = 0
configure:6516: /usr/bin/nm conftest.o \| sed -n -e 's/^.*[ ]\([BCDEGRST][BCDEGRST]*\)[ ][ ]*\([_A-Za-z][_A-Za-z0-9]*\)$/\1 \2 \2/p' | sed '/ __gnu_lto/d' \> conftest.nm
configure:6519: $? = 0
cannot find nm_test_var in conftest.nm
configure:6509: clang -c -g -O2  conftest.c >&5
configure:6512: $? = 0
configure:6516: /usr/bin/nm conftest.o \| sed -n -e 's/^.*[ ]\([BCDEGRST][BCDEGRST]*\)[ ][ ]*_\([_A-Za-z][_A-Za-z0-9]*\)$/\1 _\2 \2/p' | sed '/ __gnu_lto/d' \> conftest.nm
configure:6519: $? = 0
configure:6585: clang -o conftest -g -O2   conftest.c conftstm.o >&5
configure:6588: $? = 0
configure:6626: result: ok
configure:6663: checking for sysroot
configure:6693: result: no
configure:6949: checking for mt
configure:6979: result: no
configure:6999: checking if : is a manifest tool
configure:7005: : '-?'
configure:7013: result: no
configure:7069: checking for dsymutil
configure:7085: found /usr/bin/dsymutil
configure:7096: result: dsymutil
configure:7161: checking for nmedit
configure:7177: found /usr/bin/nmedit
configure:7188: result: nmedit
configure:7253: checking for lipo
configure:7269: found /usr/bin/lipo
configure:7280: result: lipo
configure:7345: checking for otool
configure:7361: found /usr/bin/otool
configure:7372: result: otool
configure:7437: checking for otool64
configure:7467: result: no
configure:7512: checking for -single_module linker flag
clang -g -O2  -o libconftest.dylib -dynamiclib -Wl,-single_module conftest.c
configure:7545: result: yes
configure:7548: checking for -exported_symbols_list linker flag
configure:7568: clang -o conftest -g -O2   -Wl,-exported_symbols_list,conftest.sym conftest.c  >&5
configure:7568: $? = 0
configure:7578: result: yes
configure:7581: checking for -force_load linker flag
clang -g -O2 -c -o conftest.o conftest.c
ar cru libconftest.a conftest.o
ranlib libconftest.a
clang -g -O2  -o conftest conftest.c -Wl,-force_load,./libconftest.a
configure:7613: result: yes
configure:7655: checking how to run the C preprocessor
configure:7686: clang -E  conftest.c
configure:7686: $? = 0
configure:7700: clang -E  conftest.c
conftest.c:11:10: fatal error: 'ac_nonexistent.h' file not found
#include <ac_nonexistent.h>
         ^
1 error generated.
configure:7700: $? = 1
configure: failed program was:
| /* confdefs.h */
| #define PACKAGE_NAME "gloox"
| #define PACKAGE_TARNAME "gloox"
| #define PACKAGE_VERSION "1.0.12"
| #define PACKAGE_STRING "gloox 1.0.12"
| #define PACKAGE_BUGREPORT "js@camaya.net"
| #define PACKAGE_URL ""
| #define PACKAGE "gloox"
| #define VERSION "1.0.12"
| /* end confdefs.h.  */
| #include <ac_nonexistent.h>
configure:7725: result: clang -E
configure:7745: clang -E  conftest.c
configure:7745: $? = 0
configure:7759: clang -E  conftest.c
conftest.c:11:10: fatal error: 'ac_nonexistent.h' file not found
#include <ac_nonexistent.h>
         ^
1 error generated.
configure:7759: $? = 1
configure: failed program was:
| /* confdefs.h */
| #define PACKAGE_NAME "gloox"
| #define PACKAGE_TARNAME "gloox"
| #define PACKAGE_VERSION "1.0.12"
| #define PACKAGE_STRING "gloox 1.0.12"
| #define PACKAGE_BUGREPORT "js@camaya.net"
| #define PACKAGE_URL ""
| #define PACKAGE "gloox"
| #define VERSION "1.0.12"
| /* end confdefs.h.  */
| #include <ac_nonexistent.h>
configure:7788: checking for ANSI C header files
configure:7808: clang -c -g -O2  conftest.c >&5
configure:7808: $? = 0
configure:7881: clang -o conftest -g -O2   conftest.c  >&5
configure:7881: $? = 0
configure:7881: ./conftest
configure:7881: $? = 0
configure:7892: result: yes
configure:7905: checking for sys/types.h
configure:7905: clang -c -g -O2  conftest.c >&5
configure:7905: $? = 0
configure:7905: result: yes
configure:7905: checking for sys/stat.h
configure:7905: clang -c -g -O2  conftest.c >&5
configure:7905: $? = 0
configure:7905: result: yes
configure:7905: checking for stdlib.h
configure:7905: clang -c -g -O2  conftest.c >&5
configure:7905: $? = 0
configure:7905: result: yes
configure:7905: checking for string.h
configure:7905: clang -c -g -O2  conftest.c >&5
configure:7905: $? = 0
configure:7905: result: yes
configure:7905: checking for memory.h
configure:7905: clang -c -g -O2  conftest.c >&5
configure:7905: $? = 0
configure:7905: result: yes
configure:7905: checking for strings.h
configure:7905: clang -c -g -O2  conftest.c >&5
configure:7905: $? = 0
configure:7905: result: yes
configure:7905: checking for inttypes.h
configure:7905: clang -c -g -O2  conftest.c >&5
configure:7905: $? = 0
configure:7905: result: yes
configure:7905: checking for stdint.h
configure:7905: clang -c -g -O2  conftest.c >&5
configure:7905: $? = 0
configure:7905: result: yes
configure:7905: checking for unistd.h
configure:7905: clang -c -g -O2  conftest.c >&5
configure:7905: $? = 0
configure:7905: result: yes
configure:7919: checking for dlfcn.h
configure:7919: clang -c -g -O2  conftest.c >&5
configure:7919: $? = 0
configure:7919: result: yes
configure:8136: checking for objdir
configure:8151: result: .libs
configure:8418: checking if clang supports -fno-rtti -fno-exceptions
configure:8436: clang -c -g -O2  -fno-rtti -fno-exceptions conftest.c >&5
configure:8440: $? = 0
configure:8453: result: yes
configure:8780: checking for clang option to produce PIC
configure:8787: result: -fno-common -DPIC
configure:8795: checking if clang PIC flag -fno-common -DPIC works
configure:8813: clang -c -g -O2  -fno-common -DPIC -DPIC conftest.c >&5
configure:8817: $? = 0
configure:8830: result: yes
configure:8859: checking if clang static flag -static works
configure:8887: result: no
configure:8902: checking if clang supports -c -o file.o
configure:8923: clang -c -g -O2  -o out/conftest2.o conftest.c >&5
configure:8927: $? = 0
configure:8949: result: yes
configure:8957: checking if clang supports -c -o file.o
configure:9004: result: yes
configure:9037: checking whether the clang linker (/Applications/Xcode.app/Contents/Developer/Toolchains/XcodeDefault.xctoolchain/usr/bin/ld) supports shared libraries
configure:10194: result: yes
configure:10434: checking dynamic linker characteristics
configure:11168: result: darwin14.0.0 dyld
configure:11275: checking how to hardcode library paths into programs
configure:11300: result: immediate
configure:11840: checking whether stripping libraries is possible
configure:11854: result: yes
configure:11880: checking if libtool supports shared libraries
configure:11882: result: yes
configure:11885: checking whether to build shared libraries
configure:11906: result: yes
configure:11909: checking whether to build static libraries
configure:11913: result: yes
configure:11936: checking how to run the C++ preprocessor
configure:11963: clang++ -std=c++11 -stdlib=libc++ -E  conftest.cpp
configure:11963: $? = 0
configure:11977: clang++ -std=c++11 -stdlib=libc++ -E  conftest.cpp
conftest.cpp:23:10: fatal error: 'ac_nonexistent.h' file not found
#include <ac_nonexistent.h>
         ^
1 error generated.
configure:11977: $? = 1
configure: failed program was:
| /* confdefs.h */
| #define PACKAGE_NAME "gloox"
| #define PACKAGE_TARNAME "gloox"
| #define PACKAGE_VERSION "1.0.12"
| #define PACKAGE_STRING "gloox 1.0.12"
| #define PACKAGE_BUGREPORT "js@camaya.net"
| #define PACKAGE_URL ""
| #define PACKAGE "gloox"
| #define VERSION "1.0.12"
| #define STDC_HEADERS 1
| #define HAVE_SYS_TYPES_H 1
| #define HAVE_SYS_STAT_H 1
| #define HAVE_STDLIB_H 1
| #define HAVE_STRING_H 1
| #define HAVE_MEMORY_H 1
| #define HAVE_STRINGS_H 1
| #define HAVE_INTTYPES_H 1
| #define HAVE_STDINT_H 1
| #define HAVE_UNISTD_H 1
| #define HAVE_DLFCN_H 1
| #define LT_OBJDIR ".libs/"
| /* end confdefs.h.  */
| #include <ac_nonexistent.h>
configure:12002: result: clang++ -std=c++11 -stdlib=libc++ -E
configure:12022: clang++ -std=c++11 -stdlib=libc++ -E  conftest.cpp
configure:12022: $? = 0
configure:12036: clang++ -std=c++11 -stdlib=libc++ -E  conftest.cpp
conftest.cpp:23:10: fatal error: 'ac_nonexistent.h' file not found
#include <ac_nonexistent.h>
         ^
1 error generated.
configure:12036: $? = 1
configure: failed program was:
| /* confdefs.h */
| #define PACKAGE_NAME "gloox"
| #define PACKAGE_TARNAME "gloox"
| #define PACKAGE_VERSION "1.0.12"
| #define PACKAGE_STRING "gloox 1.0.12"
| #define PACKAGE_BUGREPORT "js@camaya.net"
| #define PACKAGE_URL ""
| #define PACKAGE "gloox"
| #define VERSION "1.0.12"
| #define STDC_HEADERS 1
| #define HAVE_SYS_TYPES_H 1
| #define HAVE_SYS_STAT_H 1
| #define HAVE_STDLIB_H 1
| #define HAVE_STRING_H 1
| #define HAVE_MEMORY_H 1
| #define HAVE_STRINGS_H 1
| #define HAVE_INTTYPES_H 1
| #define HAVE_STDINT_H 1
| #define HAVE_UNISTD_H 1
| #define HAVE_DLFCN_H 1
| #define LT_OBJDIR ".libs/"
| /* end confdefs.h.  */
| #include <ac_nonexistent.h>
configure:12205: checking for ld used by clang++ -std=c++11 -stdlib=libc++
configure:12272: result: /Applications/Xcode.app/Contents/Developer/Toolchains/XcodeDefault.xctoolchain/usr/bin/ld
configure:12279: checking if the linker (/Applications/Xcode.app/Contents/Developer/Toolchains/XcodeDefault.xctoolchain/usr/bin/ld) is GNU ld
configure:12294: result: no
configure:12349: checking whether the clang++ -std=c++11 -stdlib=libc++ linker (/Applications/Xcode.app/Contents/Developer/Toolchains/XcodeDefault.xctoolchain/usr/bin/ld) supports shared libraries
configure:13351: result: yes
configure:13387: clang++ -std=c++11 -stdlib=libc++ -c -O3  conftest.cpp >&5
configure:13390: $? = 0
configure:13910: checking for clang++ -std=c++11 -stdlib=libc++ option to produce PIC
configure:13917: result: -fno-common -DPIC
configure:13925: checking if clang++ -std=c++11 -stdlib=libc++ PIC flag -fno-common -DPIC works
configure:13943: clang++ -std=c++11 -stdlib=libc++ -c -O3  -fno-common -DPIC -DPIC conftest.cpp >&5
configure:13947: $? = 0
configure:13960: result: yes
configure:13983: checking if clang++ -std=c++11 -stdlib=libc++ static flag -static works
configure:14011: result: no
configure:14023: checking if clang++ -std=c++11 -stdlib=libc++ supports -c -o file.o
configure:14044: clang++ -std=c++11 -stdlib=libc++ -c -O3  -o out/conftest2.o conftest.cpp >&5
configure:14048: $? = 0
configure:14070: result: yes
configure:14075: checking if clang++ -std=c++11 -stdlib=libc++ supports -c -o file.o
configure:14122: result: yes
configure:14152: checking whether the clang++ -std=c++11 -stdlib=libc++ linker (/Applications/Xcode.app/Contents/Developer/Toolchains/XcodeDefault.xctoolchain/usr/bin/ld) supports shared libraries
configure:14191: result: yes
configure:14332: checking dynamic linker characteristics
configure:15000: result: darwin14.0.0 dyld
configure:15053: checking how to hardcode library paths into programs
configure:15078: result: immediate
configure:15164: checking whether GCC atomic builtins are available
configure:15184: result: no
configure:15206: checking idna.h usability
configure:15206: clang -c -g -O2  conftest.c >&5
configure:15206: $? = 0
configure:15206: result: yes
configure:15206: checking idna.h presence
configure:15206: clang -E  conftest.c
configure:15206: $? = 0
configure:15206: result: yes
configure:15206: checking for idna.h
configure:15206: result: yes
configure:15208: checking for stringprep_check_version in -lidn
configure:15233: clang -o conftest -g -O2   conftest.c -lidn   >&5
configure:15233: $? = 0
configure:15242: result: yes
configure:15264: checking if Libidn should be used
configure:15266: result: yes
configure:15369: checking for pkg-config
configure:15387: found /usr/local/bin/pkg-config
configure:15399: result: /usr/local/bin/pkg-config
configure:15424: checking pkg-config is at least version 0.9.0
configure:15427: result: yes
configure:15437: checking for GNUTLS
configure:15444: $PKG_CONFIG --exists --print-errors "gnutls >= 2.12"
configure:15447: $? = 0
configure:15461: $PKG_CONFIG --exists --print-errors "gnutls >= 2.12"
configure:15464: $? = 0
configure:15502: result: yes
configure:15521: checking if GnuTLS should be used
configure:15523: result: yes
configure:15620: checking zlib.h usability
configure:15620: clang -c -g -O2  -I/usr/local/Cellar/gnutls/3.3.9/include -I/usr/local/Cellar/nettle/2.7.1/include -I/usr/local/Cellar/libtasn1/4.2/include  conftest.c >&5
configure:15620: $? = 0
configure:15620: result: yes
configure:15620: checking zlib.h presence
configure:15620: clang -E  -I/usr/local/Cellar/gnutls/3.3.9/include -I/usr/local/Cellar/nettle/2.7.1/include -I/usr/local/Cellar/libtasn1/4.2/include  conftest.c
configure:15620: $? = 0
configure:15620: result: yes
configure:15620: checking for zlib.h
configure:15620: result: yes
configure:15622: checking for zlibVersion in -lz
configure:15647: clang -o conftest -g -O2  -I/usr/local/Cellar/gnutls/3.3.9/include -I/usr/local/Cellar/nettle/2.7.1/include -I/usr/local/Cellar/libtasn1/4.2/include   conftest.c -lz   -lidn -L/usr/local/Cellar/gnutls/3.3.9/lib -lgnutls  >&5
configure:15647: $? = 0
configure:15656: result: yes
configure:15678: checking if Zlib should be used
configure:15680: result: yes
configure:15848: checking for the pthreads library -lpthreads
configure:15881: clang -o conftest -g -O2   -I/usr/local/Cellar/gnutls/3.3.9/include -I/usr/local/Cellar/nettle/2.7.1/include -I/usr/local/Cellar/libtasn1/4.2/include   conftest.c -lpthreads  -lidn -L/usr/local/Cellar/gnutls/3.3.9/lib -lgnutls  -lz >&5
ld: library not found for -lpthreads
clang: error: linker command failed with exit code 1 (use -v to see invocation)
configure:15881: $? = 1
configure: failed program was:
| /* confdefs.h */
| #define PACKAGE_NAME "gloox"
| #define PACKAGE_TARNAME "gloox"
| #define PACKAGE_VERSION "1.0.12"
| #define PACKAGE_STRING "gloox 1.0.12"
| #define PACKAGE_BUGREPORT "js@camaya.net"
| #define PACKAGE_URL ""
| #define PACKAGE "gloox"
| #define VERSION "1.0.12"
| #define STDC_HEADERS 1
| #define HAVE_SYS_TYPES_H 1
| #define HAVE_SYS_STAT_H 1
| #define HAVE_STDLIB_H 1
| #define HAVE_STRING_H 1
| #define HAVE_MEMORY_H 1
| #define HAVE_STRINGS_H 1
| #define HAVE_INTTYPES_H 1
| #define HAVE_STDINT_H 1
| #define HAVE_UNISTD_H 1
| #define HAVE_DLFCN_H 1
| #define LT_OBJDIR ".libs/"
| #define HAVE_LIBIDN 1
| #define HAVE_GNUTLS 1
| #define HAVE_GNUTLS_SESSION_CHANNEL_BINDING 1
| #define HAVE_ZLIB 1
| /* end confdefs.h.  */
| #include <pthread.h>
| int
| main ()
| {
| pthread_t th; pthread_join(th, 0);
|                      pthread_attr_init(0); pthread_cleanup_push(0, 0);
|                      pthread_create(0,0,0,0); pthread_cleanup_pop(0);
|   ;
|   return 0;
| }
configure:15890: result: no
configure:15793: checking whether pthreads work without any flags
configure:15881: clang -o conftest -g -O2   -I/usr/local/Cellar/gnutls/3.3.9/include -I/usr/local/Cellar/nettle/2.7.1/include -I/usr/local/Cellar/libtasn1/4.2/include   conftest.c   -lidn -L/usr/local/Cellar/gnutls/3.3.9/lib -lgnutls  -lz >&5
configure:15881: $? = 0
configure:15890: result: yes
configure:15909: checking for joinable pthread attribute
configure:15924: clang -o conftest -g -O2   -I/usr/local/Cellar/gnutls/3.3.9/include -I/usr/local/Cellar/nettle/2.7.1/include -I/usr/local/Cellar/libtasn1/4.2/include   conftest.c   -lidn -L/usr/local/Cellar/gnutls/3.3.9/lib -lgnutls  -lz >&5
configure:15924: $? = 0
configure:15930: result: PTHREAD_CREATE_JOINABLE
configure:15940: checking if more special flags are required for pthreads
configure:15947: result: -D_THREAD_SAFE
configure:16035: checking for res_querydomain
configure:16035: clang -o conftest -g -O2  -I/usr/local/Cellar/gnutls/3.3.9/include -I/usr/local/Cellar/nettle/2.7.1/include -I/usr/local/Cellar/libtasn1/4.2/include  -D_THREAD_SAFE   -D_THREAD_SAFE  conftest.c   -lidn -L/usr/local/Cellar/gnutls/3.3.9/lib -lgnutls  -lz >&5
Undefined symbols for architecture x86_64:
  "_res_querydomain", referenced from:
      _main in conftest-888124.o
ld: symbol(s) not found for architecture x86_64
clang: error: linker command failed with exit code 1 (use -v to see invocation)
configure:16035: $? = 1
configure: failed program was:
| /* confdefs.h */
| #define PACKAGE_NAME "gloox"
| #define PACKAGE_TARNAME "gloox"
| #define PACKAGE_VERSION "1.0.12"
| #define PACKAGE_STRING "gloox 1.0.12"
| #define PACKAGE_BUGREPORT "js@camaya.net"
| #define PACKAGE_URL ""
| #define PACKAGE "gloox"
| #define VERSION "1.0.12"
| #define STDC_HEADERS 1
| #define HAVE_SYS_TYPES_H 1
| #define HAVE_SYS_STAT_H 1
| #define HAVE_STDLIB_H 1
| #define HAVE_STRING_H 1
| #define HAVE_MEMORY_H 1
| #define HAVE_STRINGS_H 1
| #define HAVE_INTTYPES_H 1
| #define HAVE_STDINT_H 1
| #define HAVE_UNISTD_H 1
| #define HAVE_DLFCN_H 1
| #define LT_OBJDIR ".libs/"
| #define HAVE_LIBIDN 1
| #define HAVE_GNUTLS 1
| #define HAVE_GNUTLS_SESSION_CHANNEL_BINDING 1
| #define HAVE_ZLIB 1
| #define HAVE_PTHREAD 1
| /* end confdefs.h.  */
| /* Define res_querydomain to an innocuous variant, in case <limits.h> declares res_querydomain.
|    For example, HP-UX 11i <limits.h> declares gettimeofday.  */
| #define res_querydomain innocuous_res_querydomain
| 
| /* System header to define __stub macros and hopefully few prototypes,
|     which can conflict with char res_querydomain (); below.
|     Prefer <limits.h> to <assert.h> if __STDC__ is defined, since
|     <limits.h> exists even on freestanding compilers.  */
| 
| #ifdef __STDC__
| # include <limits.h>
| #else
| # include <assert.h>
| #endif
| 
| #undef res_querydomain
| 
| /* Override any GCC internal prototype to avoid an error.
|    Use char because int might match the return type of a GCC
|    builtin and then its argument prototype would still apply.  */
| #ifdef __cplusplus
| extern "C"
| #endif
| char res_querydomain ();
| /* The GNU C library defines this for functions which it implements
|     to always fail with ENOSYS.  Some functions are actually named
|     something starting with __ and the normal name is an alias.  */
| #if defined __stub_res_querydomain || defined __stub___res_querydomain
| choke me
| #endif
| 
| int
| main ()
| {
| return res_querydomain ();
|   ;
|   return 0;
| }
configure:16035: result: no
configure:16047: checking for res_querydomain in -lresolv
configure:16072: clang -o conftest -g -O2  -I/usr/local/Cellar/gnutls/3.3.9/include -I/usr/local/Cellar/nettle/2.7.1/include -I/usr/local/Cellar/libtasn1/4.2/include  -D_THREAD_SAFE   -D_THREAD_SAFE  conftest.c -lresolv    -lidn -L/usr/local/Cellar/gnutls/3.3.9/lib -lgnutls  -lz >&5
Undefined symbols for architecture x86_64:
  "_res_querydomain", referenced from:
      _main in conftest-ba077d.o
ld: symbol(s) not found for architecture x86_64
clang: error: linker command failed with exit code 1 (use -v to see invocation)
configure:16072: $? = 1
configure: failed program was:
| /* confdefs.h */
| #define PACKAGE_NAME "gloox"
| #define PACKAGE_TARNAME "gloox"
| #define PACKAGE_VERSION "1.0.12"
| #define PACKAGE_STRING "gloox 1.0.12"
| #define PACKAGE_BUGREPORT "js@camaya.net"
| #define PACKAGE_URL ""
| #define PACKAGE "gloox"
| #define VERSION "1.0.12"
| #define STDC_HEADERS 1
| #define HAVE_SYS_TYPES_H 1
| #define HAVE_SYS_STAT_H 1
| #define HAVE_STDLIB_H 1
| #define HAVE_STRING_H 1
| #define HAVE_MEMORY_H 1
| #define HAVE_STRINGS_H 1
| #define HAVE_INTTYPES_H 1
| #define HAVE_STDINT_H 1
| #define HAVE_UNISTD_H 1
| #define HAVE_DLFCN_H 1
| #define LT_OBJDIR ".libs/"
| #define HAVE_LIBIDN 1
| #define HAVE_GNUTLS 1
| #define HAVE_GNUTLS_SESSION_CHANNEL_BINDING 1
| #define HAVE_ZLIB 1
| #define HAVE_PTHREAD 1
| /* end confdefs.h.  */
| 
| /* Override any GCC internal prototype to avoid an error.
|    Use char because int might match the return type of a GCC
|    builtin and then its argument prototype would still apply.  */
| #ifdef __cplusplus
| extern "C"
| #endif
| char res_querydomain ();
| int
| main ()
| {
| return res_querydomain ();
|   ;
|   return 0;
| }
configure:16081: result: no
configure:16097: checking for res_querydomain in -lbind
configure:16122: clang -o conftest -g -O2  -I/usr/local/Cellar/gnutls/3.3.9/include -I/usr/local/Cellar/nettle/2.7.1/include -I/usr/local/Cellar/libtasn1/4.2/include  -D_THREAD_SAFE   -D_THREAD_SAFE  conftest.c -lbind    -lidn -L/usr/local/Cellar/gnutls/3.3.9/lib -lgnutls  -lz >&5
ld: library not found for -lbind
clang: error: linker command failed with exit code 1 (use -v to see invocation)
configure:16122: $? = 1
configure: failed program was:
| /* confdefs.h */
| #define PACKAGE_NAME "gloox"
| #define PACKAGE_TARNAME "gloox"
| #define PACKAGE_VERSION "1.0.12"
| #define PACKAGE_STRING "gloox 1.0.12"
| #define PACKAGE_BUGREPORT "js@camaya.net"
| #define PACKAGE_URL ""
| #define PACKAGE "gloox"
| #define VERSION "1.0.12"
| #define STDC_HEADERS 1
| #define HAVE_SYS_TYPES_H 1
| #define HAVE_SYS_STAT_H 1
| #define HAVE_STDLIB_H 1
| #define HAVE_STRING_H 1
| #define HAVE_MEMORY_H 1
| #define HAVE_STRINGS_H 1
| #define HAVE_INTTYPES_H 1
| #define HAVE_STDINT_H 1
| #define HAVE_UNISTD_H 1
| #define HAVE_DLFCN_H 1
| #define LT_OBJDIR ".libs/"
| #define HAVE_LIBIDN 1
| #define HAVE_GNUTLS 1
| #define HAVE_GNUTLS_SESSION_CHANNEL_BINDING 1
| #define HAVE_ZLIB 1
| #define HAVE_PTHREAD 1
| /* end confdefs.h.  */
| 
| /* Override any GCC internal prototype to avoid an error.
|    Use char because int might match the return type of a GCC
|    builtin and then its argument prototype would still apply.  */
| #ifdef __cplusplus
| extern "C"
| #endif
| char res_querydomain ();
| int
| main ()
| {
| return res_querydomain ();
|   ;
|   return 0;
| }
configure:16131: result: no
configure:16147: checking for res_querydomain in -lresolv (alternate version)
configure:16162: clang -o conftest -g -O2  -I/usr/local/Cellar/gnutls/3.3.9/include -I/usr/local/Cellar/nettle/2.7.1/include -I/usr/local/Cellar/libtasn1/4.2/include  -D_THREAD_SAFE   -D_THREAD_SAFE  conftest.c -lresolv   -lidn -L/usr/local/Cellar/gnutls/3.3.9/lib -lgnutls  -lz >&5
configure:16162: $? = 0
configure:16163: result: yes
configure:16181: checking for dn_skipname
configure:16181: clang -o conftest -g -O2  -I/usr/local/Cellar/gnutls/3.3.9/include -I/usr/local/Cellar/nettle/2.7.1/include -I/usr/local/Cellar/libtasn1/4.2/include  -D_THREAD_SAFE   -D_THREAD_SAFE  conftest.c -lresolv   -lidn -L/usr/local/Cellar/gnutls/3.3.9/lib -lgnutls  -lz >&5
Undefined symbols for architecture x86_64:
  "_dn_skipname", referenced from:
      _main in conftest-5e0a76.o
ld: symbol(s) not found for architecture x86_64
clang: error: linker command failed with exit code 1 (use -v to see invocation)
configure:16181: $? = 1
configure: failed program was:
| /* confdefs.h */
| #define PACKAGE_NAME "gloox"
| #define PACKAGE_TARNAME "gloox"
| #define PACKAGE_VERSION "1.0.12"
| #define PACKAGE_STRING "gloox 1.0.12"
| #define PACKAGE_BUGREPORT "js@camaya.net"
| #define PACKAGE_URL ""
| #define PACKAGE "gloox"
| #define VERSION "1.0.12"
| #define STDC_HEADERS 1
| #define HAVE_SYS_TYPES_H 1
| #define HAVE_SYS_STAT_H 1
| #define HAVE_STDLIB_H 1
| #define HAVE_STRING_H 1
| #define HAVE_MEMORY_H 1
| #define HAVE_STRINGS_H 1
| #define HAVE_INTTYPES_H 1
| #define HAVE_STDINT_H 1
| #define HAVE_UNISTD_H 1
| #define HAVE_DLFCN_H 1
| #define LT_OBJDIR ".libs/"
| #define HAVE_LIBIDN 1
| #define HAVE_GNUTLS 1
| #define HAVE_GNUTLS_SESSION_CHANNEL_BINDING 1
| #define HAVE_ZLIB 1
| #define HAVE_PTHREAD 1
| #define HAVE_RES_QUERYDOMAIN 1
| /* end confdefs.h.  */
| /* Define dn_skipname to an innocuous variant, in case <limits.h> declares dn_skipname.
|    For example, HP-UX 11i <limits.h> declares gettimeofday.  */
| #define dn_skipname innocuous_dn_skipname
| 
| /* System header to define __stub macros and hopefully few prototypes,
|     which can conflict with char dn_skipname (); below.
|     Prefer <limits.h> to <assert.h> if __STDC__ is defined, since
|     <limits.h> exists even on freestanding compilers.  */
| 
| #ifdef __STDC__
| # include <limits.h>
| #else
| # include <assert.h>
| #endif
| 
| #undef dn_skipname
| 
| /* Override any GCC internal prototype to avoid an error.
|    Use char because int might match the return type of a GCC
|    builtin and then its argument prototype would still apply.  */
| #ifdef __cplusplus
| extern "C"
| #endif
| char dn_skipname ();
| /* The GNU C library defines this for functions which it implements
|     to always fail with ENOSYS.  Some functions are actually named
|     something starting with __ and the normal name is an alias.  */
| #if defined __stub_dn_skipname || defined __stub___dn_skipname
| choke me
| #endif
| 
| int
| main ()
| {
| return dn_skipname ();
|   ;
|   return 0;
| }
configure:16181: result: no
configure:16193: checking for dn_skipname in -lresolv
configure:16218: clang -o conftest -g -O2  -I/usr/local/Cellar/gnutls/3.3.9/include -I/usr/local/Cellar/nettle/2.7.1/include -I/usr/local/Cellar/libtasn1/4.2/include  -D_THREAD_SAFE   -D_THREAD_SAFE  conftest.c -lresolv  -lresolv   -lidn -L/usr/local/Cellar/gnutls/3.3.9/lib -lgnutls  -lz >&5
Undefined symbols for architecture x86_64:
  "_dn_skipname", referenced from:
      _main in conftest-71a034.o
ld: symbol(s) not found for architecture x86_64
clang: error: linker command failed with exit code 1 (use -v to see invocation)
configure:16218: $? = 1
configure: failed program was:
| /* confdefs.h */
| #define PACKAGE_NAME "gloox"
| #define PACKAGE_TARNAME "gloox"
| #define PACKAGE_VERSION "1.0.12"
| #define PACKAGE_STRING "gloox 1.0.12"
| #define PACKAGE_BUGREPORT "js@camaya.net"
| #define PACKAGE_URL ""
| #define PACKAGE "gloox"
| #define VERSION "1.0.12"
| #define STDC_HEADERS 1
| #define HAVE_SYS_TYPES_H 1
| #define HAVE_SYS_STAT_H 1
| #define HAVE_STDLIB_H 1
| #define HAVE_STRING_H 1
| #define HAVE_MEMORY_H 1
| #define HAVE_STRINGS_H 1
| #define HAVE_INTTYPES_H 1
| #define HAVE_STDINT_H 1
| #define HAVE_UNISTD_H 1
| #define HAVE_DLFCN_H 1
| #define LT_OBJDIR ".libs/"
| #define HAVE_LIBIDN 1
| #define HAVE_GNUTLS 1
| #define HAVE_GNUTLS_SESSION_CHANNEL_BINDING 1
| #define HAVE_ZLIB 1
| #define HAVE_PTHREAD 1
| #define HAVE_RES_QUERYDOMAIN 1
| /* end confdefs.h.  */
| 
| /* Override any GCC internal prototype to avoid an error.
|    Use char because int might match the return type of a GCC
|    builtin and then its argument prototype would still apply.  */
| #ifdef __cplusplus
| extern "C"
| #endif
| char dn_skipname ();
| int
| main ()
| {
| return dn_skipname ();
|   ;
|   return 0;
| }
configure:16227: result: no
configure:16243: checking for dn_skipname in -lbind
configure:16268: clang -o conftest -g -O2  -I/usr/local/Cellar/gnutls/3.3.9/include -I/usr/local/Cellar/nettle/2.7.1/include -I/usr/local/Cellar/libtasn1/4.2/include  -D_THREAD_SAFE   -D_THREAD_SAFE  conftest.c -lbind  -lresolv   -lidn -L/usr/local/Cellar/gnutls/3.3.9/lib -lgnutls  -lz >&5
ld: library not found for -lbind
clang: error: linker command failed with exit code 1 (use -v to see invocation)
configure:16268: $? = 1
configure: failed program was:
| /* confdefs.h */
| #define PACKAGE_NAME "gloox"
| #define PACKAGE_TARNAME "gloox"
| #define PACKAGE_VERSION "1.0.12"
| #define PACKAGE_STRING "gloox 1.0.12"
| #define PACKAGE_BUGREPORT "js@camaya.net"
| #define PACKAGE_URL ""
| #define PACKAGE "gloox"
| #define VERSION "1.0.12"
| #define STDC_HEADERS 1
| #define HAVE_SYS_TYPES_H 1
| #define HAVE_SYS_STAT_H 1
| #define HAVE_STDLIB_H 1
| #define HAVE_STRING_H 1
| #define HAVE_MEMORY_H 1
| #define HAVE_STRINGS_H 1
| #define HAVE_INTTYPES_H 1
| #define HAVE_STDINT_H 1
| #define HAVE_UNISTD_H 1
| #define HAVE_DLFCN_H 1
| #define LT_OBJDIR ".libs/"
| #define HAVE_LIBIDN 1
| #define HAVE_GNUTLS 1
| #define HAVE_GNUTLS_SESSION_CHANNEL_BINDING 1
| #define HAVE_ZLIB 1
| #define HAVE_PTHREAD 1
| #define HAVE_RES_QUERYDOMAIN 1
| /* end confdefs.h.  */
| 
| /* Override any GCC internal prototype to avoid an error.
|    Use char because int might match the return type of a GCC
|    builtin and then its argument prototype would still apply.  */
| #ifdef __cplusplus
| extern "C"
| #endif
| char dn_skipname ();
| int
| main ()
| {
| return dn_skipname ();
|   ;
|   return 0;
| }
configure:16277: result: no
configure:16293: checking for dn_skipname in -lresolv (alternate version)
configure:16309: clang -o conftest -g -O2  -I/usr/local/Cellar/gnutls/3.3.9/include -I/usr/local/Cellar/nettle/2.7.1/include -I/usr/local/Cellar/libtasn1/4.2/include  -D_THREAD_SAFE   -D_THREAD_SAFE  conftest.c -lresolv -lresolv   -lidn -L/usr/local/Cellar/gnutls/3.3.9/lib -lgnutls  -lz >&5
configure:16309: $? = 0
configure:16310: result: yes
configure:16328: checking for res_query
configure:16328: clang -o conftest -g -O2  -I/usr/local/Cellar/gnutls/3.3.9/include -I/usr/local/Cellar/nettle/2.7.1/include -I/usr/local/Cellar/libtasn1/4.2/include  -D_THREAD_SAFE   -D_THREAD_SAFE  conftest.c -lresolv -lresolv   -lidn -L/usr/local/Cellar/gnutls/3.3.9/lib -lgnutls  -lz >&5
configure:16328: $? = 0
configure:16328: result: yes
configure:16492: checking whether to enable debug
configure:16494: result: no
configure:16518: checking whether to use getaddrinfo
configure:16520: result: no
configure:16523: checking for ANSI C header files
configure:16627: result: yes
configure:16638: checking for unistd.h
configure:16638: result: yes
configure:16638: checking for strings.h
configure:16638: result: yes
configure:16638: checking errno.h usability
configure:16638: clang -c -g -O2  -I/usr/local/Cellar/gnutls/3.3.9/include -I/usr/local/Cellar/nettle/2.7.1/include -I/usr/local/Cellar/libtasn1/4.2/include  -D_THREAD_SAFE  conftest.c >&5
configure:16638: $? = 0
configure:16638: result: yes
configure:16638: checking errno.h presence
configure:16638: clang -E  -I/usr/local/Cellar/gnutls/3.3.9/include -I/usr/local/Cellar/nettle/2.7.1/include -I/usr/local/Cellar/libtasn1/4.2/include  -D_THREAD_SAFE  conftest.c
configure:16638: $? = 0
configure:16638: result: yes
configure:16638: checking for errno.h
configure:16638: result: yes
configure:16638: checking arpa/nameser.h usability
configure:16638: clang -c -g -O2  -I/usr/local/Cellar/gnutls/3.3.9/include -I/usr/local/Cellar/nettle/2.7.1/include -I/usr/local/Cellar/libtasn1/4.2/include  -D_THREAD_SAFE  conftest.c >&5
configure:16638: $? = 0
configure:16638: result: yes
configure:16638: checking arpa/nameser.h presence
configure:16638: clang -E  -I/usr/local/Cellar/gnutls/3.3.9/include -I/usr/local/Cellar/nettle/2.7.1/include -I/usr/local/Cellar/libtasn1/4.2/include  -D_THREAD_SAFE  conftest.c
configure:16638: $? = 0
configure:16638: result: yes
configure:16638: checking for arpa/nameser.h
configure:16638: result: yes
configure:16650: checking for setsockopt
configure:16650: clang -o conftest -g -O2  -I/usr/local/Cellar/gnutls/3.3.9/include -I/usr/local/Cellar/nettle/2.7.1/include -I/usr/local/Cellar/libtasn1/4.2/include  -D_THREAD_SAFE   -D_THREAD_SAFE  conftest.c -lresolv -lresolv   -lidn -L/usr/local/Cellar/gnutls/3.3.9/lib -lgnutls  -lz >&5
configure:16650: $? = 0
configure:16650: result: yes
configure:16706: checking for an ANSI C-conforming const
configure:16772: clang -c -g -O2  -I/usr/local/Cellar/gnutls/3.3.9/include -I/usr/local/Cellar/nettle/2.7.1/include -I/usr/local/Cellar/libtasn1/4.2/include  -D_THREAD_SAFE  conftest.c >&5
configure:16772: $? = 0
configure:16779: result: yes
configure:16787: checking for inline
configure:16803: clang -c -g -O2  -I/usr/local/Cellar/gnutls/3.3.9/include -I/usr/local/Cellar/nettle/2.7.1/include -I/usr/local/Cellar/libtasn1/4.2/include  -D_THREAD_SAFE  conftest.c >&5
configure:16803: $? = 0
configure:16811: result: inline
configure:16894: checking if mDNS support should be built
configure:16896: result: no
configure:16908: checking if unit tests should be built
configure:16910: result: yes
configure:16930: checking if example programs should be built
configure:16932: result: yes
configure:17080: creating ./config.status

## ---------------------- ##
## Running config.status. ##
## ---------------------- ##

This file was extended by gloox config.status 1.0.12, which was
generated by GNU Autoconf 2.69.  Invocation command line was

  CONFIG_FILES    = 
  CONFIG_HEADERS  = 
  CONFIG_LINKS    = 
  CONFIG_COMMANDS = 
  $ ./config.status 

on MacBook-Pro-de-Jorge.local

config.status:1247: creating Makefile
config.status:1247: creating gloox.pc
config.status:1247: creating gloox-config
config.status:1247: creating src/Makefile
config.status:1247: creating src/examples/Makefile
config.status:1247: creating src/tests/Makefile
config.status:1247: creating src/tests/adhoc/Makefile
config.status:1247: creating src/tests/adhoccommand/Makefile
config.status:1247: creating src/tests/adhoccommandnote/Makefile
config.status:1247: creating src/tests/amprule/Makefile
config.status:1247: creating src/tests/amp/Makefile
config.status:1247: creating src/tests/base64/Makefile
config.status:1247: creating src/tests/capabilities/Makefile
config.status:1247: creating src/tests/carbons/Makefile
config.status:1247: creating src/tests/chatstatefilter/Makefile
config.status:1247: creating src/tests/client/Makefile
config.status:1247: creating src/tests/clientbase/Makefile
config.status:1247: creating src/tests/connectionbosh/Makefile
config.status:1247: creating src/tests/dataform/Makefile
config.status:1247: creating src/tests/dataformfield/Makefile
config.status:1247: creating src/tests/dataformitem/Makefile
config.status:1247: creating src/tests/dataformreported/Makefile
config.status:1247: creating src/tests/delayeddelivery/Makefile
config.status:1247: creating src/tests/discoinfo/Makefile
config.status:1247: creating src/tests/discoitems/Makefile
config.status:1247: creating src/tests/disco/Makefile
config.status:1247: creating src/tests/error/Makefile
config.status:1247: creating src/tests/featureneg/Makefile
config.status:1247: creating src/tests/flexofflineoffline/Makefile
config.status:1247: creating src/tests/flexoffline/Makefile
config.status:1247: creating src/tests/forward/Makefile
config.status:1247: creating src/tests/gpgencrypted/Makefile
config.status:1247: creating src/tests/gpgsigned/Makefile
config.status:1247: creating src/tests/inbandbytestreamibb/Makefile
config.status:1247: creating src/tests/inbandbytestream/Makefile
config.status:1247: creating src/tests/iq/Makefile
config.status:1247: creating src/tests/jid/Makefile
config.status:1247: creating src/tests/jingleiceudp/Makefile
config.status:1247: creating src/tests/jinglesession/Makefile
config.status:1247: creating src/tests/jinglesessionjingle/Makefile
config.status:1247: creating src/tests/jinglesessionmanager/Makefile
config.status:1247: creating src/tests/lastactivityquery/Makefile
config.status:1247: creating src/tests/lastactivity/Makefile
config.status:1247: creating src/tests/md5/Makefile
config.status:1247: creating src/tests/message/Makefile
config.status:1247: creating src/tests/messageeventfilter/Makefile
config.status:1247: creating src/tests/mucroommuc/Makefile
config.status:1247: creating src/tests/mucroommucadmin/Makefile
config.status:1247: creating src/tests/mucroommucowner/Makefile
config.status:1247: creating src/tests/mucroommucuser/Makefile
config.status:1247: creating src/tests/nickname/Makefile
config.status:1247: creating src/tests/nonsaslauthquery/Makefile
config.status:1247: creating src/tests/nonsaslauth/Makefile
config.status:1247: creating src/tests/oob/Makefile
config.status:1247: creating src/tests/parser/Makefile
config.status:1247: creating src/tests/prep/Makefile
config.status:1247: creating src/tests/presence/Makefile
config.status:1247: creating src/tests/privacymanagerquery/Makefile
config.status:1247: creating src/tests/privacymanager/Makefile
config.status:1247: creating src/tests/privatexml/Makefile
config.status:1247: creating src/tests/pubsubmanagerpubsub/Makefile
config.status:1247: creating src/tests/pubsubmanager/Makefile
config.status:1247: creating src/tests/pubsubevent/Makefile
config.status:1247: creating src/tests/receipt/Makefile
config.status:1247: creating src/tests/registrationquery/Makefile
config.status:1247: creating src/tests/registration/Makefile
config.status:1247: creating src/tests/rostermanagerquery/Makefile
config.status:1247: creating src/tests/rostermanager/Makefile
config.status:1247: creating src/tests/searchquery/Makefile
config.status:1247: creating src/tests/search/Makefile
config.status:1247: creating src/tests/sha/Makefile
config.status:1247: creating src/tests/shim/Makefile
config.status:1247: creating src/tests/simanager/Makefile
config.status:1247: creating src/tests/simanagersi/Makefile
config.status:1247: creating src/tests/stanzaextensionfactory/Makefile
config.status:1247: creating src/tests/subscription/Makefile
config.status:1247: creating src/tests/tag/Makefile
config.status:1247: creating src/tests/tlsgnutls/Makefile
config.status:1247: creating src/tests/uniquemucroomunique/Makefile
config.status:1247: creating src/tests/util/Makefile
config.status:1247: creating src/tests/vcard/Makefile
config.status:1247: creating src/tests/vcardupdate/Makefile
config.status:1247: creating src/tests/xpath/Makefile
config.status:1247: creating src/tests/zlib/Makefile
config.status:1247: creating config.h.unix
config.status:1476: executing depfiles commands
config.status:1476: executing libtool commands

## ---------------- ##
## Cache variables. ##
## ---------------- ##

ac_cv_build=x86_64-apple-darwin14.0.0
ac_cv_c_compiler_gnu=yes
ac_cv_c_const=yes
ac_cv_c_inline=inline
ac_cv_cxx_compiler_gnu=yes
ac_cv_env_CCC_set=
ac_cv_env_CCC_value=
ac_cv_env_CC_set=set
ac_cv_env_CC_value=clang
ac_cv_env_CFLAGS_set=
ac_cv_env_CFLAGS_value=
ac_cv_env_CPPFLAGS_set=
ac_cv_env_CPPFLAGS_value=
ac_cv_env_CPP_set=
ac_cv_env_CPP_value=
ac_cv_env_CXXCPP_set=
ac_cv_env_CXXCPP_value=
ac_cv_env_CXXFLAGS_set=set
ac_cv_env_CXXFLAGS_value=-O3
ac_cv_env_CXX_set=set
ac_cv_env_CXX_value='clang++ -std=c++11 -stdlib=libc++'
ac_cv_env_GNUTLS_CFLAGS_set=
ac_cv_env_GNUTLS_CFLAGS_value=
ac_cv_env_GNUTLS_LIBS_set=
ac_cv_env_GNUTLS_LIBS_value=
ac_cv_env_LDFLAGS_set=
ac_cv_env_LDFLAGS_value=
ac_cv_env_LIBS_set=
ac_cv_env_LIBS_value=
ac_cv_env_PKG_CONFIG_LIBDIR_set=
ac_cv_env_PKG_CONFIG_LIBDIR_value=
ac_cv_env_PKG_CONFIG_PATH_set=
ac_cv_env_PKG_CONFIG_PATH_value=
ac_cv_env_PKG_CONFIG_set=
ac_cv_env_PKG_CONFIG_value=
ac_cv_env_build_alias_set=
ac_cv_env_build_alias_value=
ac_cv_env_host_alias_set=
ac_cv_env_host_alias_value=
ac_cv_env_target_alias_set=
ac_cv_env_target_alias_value=
ac_cv_func_dn_skipname=no
ac_cv_func_res_query=yes
ac_cv_func_res_querydomain=no
ac_cv_func_setsockopt=yes
ac_cv_header_arpa_nameser_h=yes
ac_cv_header_dlfcn_h=yes
ac_cv_header_errno_h=yes
ac_cv_header_idna_h=yes
ac_cv_header_inttypes_h=yes
ac_cv_header_memory_h=yes
ac_cv_header_stdc=yes
ac_cv_header_stdint_h=yes
ac_cv_header_stdlib_h=yes
ac_cv_header_string_h=yes
ac_cv_header_strings_h=yes
ac_cv_header_sys_stat_h=yes
ac_cv_header_sys_types_h=yes
ac_cv_header_unistd_h=yes
ac_cv_header_zlib_h=yes
ac_cv_host=x86_64-apple-darwin14.0.0
ac_cv_lib_bind_dn_skipname=no
ac_cv_lib_bind_res_querydomain=no
ac_cv_lib_idn_stringprep_check_version=yes
ac_cv_lib_resolv_dn_skipname=no
ac_cv_lib_resolv_res_querydomain=no
ac_cv_lib_z_zlibVersion=yes
ac_cv_objext=o
ac_cv_path_EGREP='/usr/bin/grep -E'
ac_cv_path_FGREP='/usr/bin/grep -F'
ac_cv_path_GREP=/usr/bin/grep
ac_cv_path_SED=/usr/bin/sed
ac_cv_path_ac_pt_PKG_CONFIG=/usr/local/bin/pkg-config
ac_cv_path_install='/usr/bin/install -c'
ac_cv_prog_AWK=awk
ac_cv_prog_CPP='clang -E'
ac_cv_prog_CXXCPP='clang++ -std=c++11 -stdlib=libc++ -E'
ac_cv_prog_ac_ct_AR=ar
ac_cv_prog_ac_ct_CC=clang
ac_cv_prog_ac_ct_DSYMUTIL=dsymutil
ac_cv_prog_ac_ct_LIPO=lipo
ac_cv_prog_ac_ct_NMEDIT=nmedit
ac_cv_prog_ac_ct_OTOOL=otool
ac_cv_prog_ac_ct_RANLIB=ranlib
ac_cv_prog_ac_ct_STRIP=strip
ac_cv_prog_cc_c89=
ac_cv_prog_cc_g=yes
ac_cv_prog_cxx_g=yes
ac_cv_prog_make_make_set=yes
am_cv_CC_dependencies_compiler_type=gcc3
am_cv_CXX_dependencies_compiler_type=gcc3
lt_cv_apple_cc_single_mod=yes
lt_cv_ar_at_file=no
lt_cv_deplibs_check_method=pass_all
lt_cv_file_magic_cmd='$MAGIC_CMD'
lt_cv_file_magic_test_file=
lt_cv_ld_exported_symbols_list=yes
lt_cv_ld_force_load=yes
lt_cv_ld_reload_flag=-r
lt_cv_nm_interface='BSD nm'
lt_cv_objdir=.libs
lt_cv_path_LD=/Applications/Xcode.app/Contents/Developer/Toolchains/XcodeDefault.xctoolchain/usr/bin/ld
lt_cv_path_LDCXX=/Applications/Xcode.app/Contents/Developer/Toolchains/XcodeDefault.xctoolchain/usr/bin/ld
lt_cv_path_NM=/usr/bin/nm
lt_cv_path_mainfest_tool=no
lt_cv_prog_compiler_c_o=yes
lt_cv_prog_compiler_c_o_CXX=yes
lt_cv_prog_compiler_pic='-fno-common -DPIC'
lt_cv_prog_compiler_pic_CXX='-fno-common -DPIC'
lt_cv_prog_compiler_pic_works=yes
lt_cv_prog_compiler_pic_works_CXX=yes
lt_cv_prog_compiler_rtti_exceptions=yes
lt_cv_prog_compiler_static_works=no
lt_cv_prog_compiler_static_works_CXX=no
lt_cv_prog_gnu_ld=no
lt_cv_prog_gnu_ldcxx=no
lt_cv_sharedlib_from_linklib_cmd='printf %s\n'
lt_cv_sys_global_symbol_pipe='sed -n -e '\''s/^.*[	 ]\([BCDEGRST][BCDEGRST]*\)[	 ][	 ]*_\([_A-Za-z][_A-Za-z0-9]*\)$/\1 _\2 \2/p'\'' | sed '\''/ __gnu_lto/d'\'''
lt_cv_sys_global_symbol_to_c_name_address='sed -n -e '\''s/^: \([^ ]*\)[ ]*$/  {\"\1\", (void *) 0},/p'\'' -e '\''s/^[BCDEGRST]* \([^ ]*\) \([^ ]*\)$/  {"\2", (void *) \&\2},/p'\'''
lt_cv_sys_global_symbol_to_c_name_address_lib_prefix='sed -n -e '\''s/^: \([^ ]*\)[ ]*$/  {\"\1\", (void *) 0},/p'\'' -e '\''s/^[BCDEGRST]* \([^ ]*\) \(lib[^ ]*\)$/  {"\2", (void *) \&\2},/p'\'' -e '\''s/^[BCDEGRST]* \([^ ]*\) \([^ ]*\)$/  {"lib\2", (void *) \&\2},/p'\'''
lt_cv_sys_global_symbol_to_cdecl='sed -n -e '\''s/^T .* \(.*\)$/extern int \1();/p'\'' -e '\''s/^[BCDEGRST]* .* \(.*\)$/extern char \1;/p'\'''
lt_cv_sys_max_cmd_len=196608
lt_cv_to_host_file_cmd=func_convert_file_noop
lt_cv_to_tool_file_cmd=func_convert_file_noop
pkg_cv_GNUTLS_CFLAGS='-I/usr/local/Cellar/gnutls/3.3.9/include -I/usr/local/Cellar/nettle/2.7.1/include -I/usr/local/Cellar/libtasn1/4.2/include '
pkg_cv_GNUTLS_LIBS='-L/usr/local/Cellar/gnutls/3.3.9/lib -lgnutls '

## ----------------- ##
## Output variables. ##
## ----------------- ##

ACLOCAL='${SHELL} /Users/Rafa/pocs/gloox/gloox-1.0.12/missing --run aclocal-1.11'
AMDEPBACKSLASH='\'
AMDEP_FALSE='#'
AMDEP_TRUE=''
AMTAR='$${TAR-tar}'
AR='ar'
AUTOCONF='${SHELL} /Users/Rafa/pocs/gloox/gloox-1.0.12/missing --run autoconf'
AUTOHEADER='${SHELL} /Users/Rafa/pocs/gloox/gloox-1.0.12/missing --run autoheader'
AUTOMAKE='${SHELL} /Users/Rafa/pocs/gloox/gloox-1.0.12/missing --run automake-1.11'
AWK='awk'
CC='clang'
CCDEPMODE='depmode=gcc3'
CFLAGS='-g -O2'
CPP='clang -E'
CPPFLAGS=' -I/usr/local/Cellar/gnutls/3.3.9/include -I/usr/local/Cellar/nettle/2.7.1/include -I/usr/local/Cellar/libtasn1/4.2/include  -D_THREAD_SAFE '
CXX='clang++ -std=c++11 -stdlib=libc++'
CXXCPP='clang++ -std=c++11 -stdlib=libc++ -E'
CXXDEPMODE='depmode=gcc3'
CXXFLAGS='-O3 -ansi'
CYGPATH_W='echo'
DEFS='-DHAVE_CONFIG_H'
DEPDIR='.deps'
DLLTOOL='false'
DSYMUTIL='dsymutil'
DUMPBIN=''
ECHO_C='\c'
ECHO_N=''
ECHO_T=''
EGREP='/usr/bin/grep -E'
EXEEXT=''
FGREP='/usr/bin/grep -F'
GNUTLS_CFLAGS='-I/usr/local/Cellar/gnutls/3.3.9/include -I/usr/local/Cellar/nettle/2.7.1/include -I/usr/local/Cellar/libtasn1/4.2/include '
GNUTLS_LIBS='-L/usr/local/Cellar/gnutls/3.3.9/lib -lgnutls '
GREP='/usr/bin/grep'
HAVE_GCC_ATOMIC_BUILTINS='no'
INSTALL_DATA='${INSTALL} -m 644'
INSTALL_PROGRAM='${INSTALL}'
INSTALL_SCRIPT='${INSTALL}'
INSTALL_STRIP_PROGRAM='$(install_sh) -c -s'
ISODATE='2015-01-13'
LD='/Applications/Xcode.app/Contents/Developer/Toolchains/XcodeDefault.xctoolchain/usr/bin/ld'
LDFLAGS=' -D_THREAD_SAFE '
LIBOBJS=''
LIBS='-lresolv -lresolv   -lidn -L/usr/local/Cellar/gnutls/3.3.9/lib -lgnutls  -lz'
LIBTOOL='$(SHELL) $(top_builddir)/libtool'
LIPO='lipo'
LN_S='ln -s'
LTLIBOBJS=''
MAKEINFO='${SHELL} /Users/Rafa/pocs/gloox/gloox-1.0.12/missing --run makeinfo'
MANIFEST_TOOL=':'
MAYBE_EXAMPLES='examples'
MAYBE_LIB_mdns=''
MAYBE_TESTS='tests'
MKDIR_P='./install-sh -c -d'
NM='/usr/bin/nm'
NMEDIT='nmedit'
OBJDUMP='false'
OBJEXT='o'
OTOOL64=':'
OTOOL='otool'
PACKAGE='gloox'
PACKAGE_BUGREPORT='js@camaya.net'
PACKAGE_NAME='gloox'
PACKAGE_STRING='gloox 1.0.12'
PACKAGE_TARNAME='gloox'
PACKAGE_URL=''
PACKAGE_VERSION='1.0.12'
PATH_SEPARATOR=':'
PKG_CONFIG='/usr/local/bin/pkg-config'
PKG_CONFIG_LIBDIR=''
PKG_CONFIG_PATH=''
PTHREAD_CC='clang'
PTHREAD_CFLAGS='-D_THREAD_SAFE '
PTHREAD_LIBS=''
RANLIB='ranlib'
SED='/usr/bin/sed'
SET_MAKE=''
SHELL='/bin/sh'
STRIP='strip'
VERSION='1.0.12'
ac_ct_AR='ar'
ac_ct_CC='clang'
ac_ct_CXX=''
ac_ct_DUMPBIN=''
acx_pthread_config=''
am__EXEEXT_FALSE=''
am__EXEEXT_TRUE='#'
am__fastdepCC_FALSE='#'
am__fastdepCC_TRUE=''
am__fastdepCXX_FALSE='#'
am__fastdepCXX_TRUE=''
am__include='include'
am__isrc=''
am__leading_dot='.'
am__nodep='_no'
am__quote=''
am__tar='$${TAR-tar} chof - "$$tardir"'
am__untar='$${TAR-tar} xf -'
bindir='${exec_prefix}/bin'
build='x86_64-apple-darwin14.0.0'
build_alias=''
build_cpu='x86_64'
build_os='darwin14.0.0'
build_vendor='apple'
datadir='${datarootdir}'
datarootdir='${prefix}/share'
docdir='${datarootdir}/doc/${PACKAGE_TARNAME}'
dvidir='${docdir}'
exec_prefix='${prefix}'
host='x86_64-apple-darwin14.0.0'
host_alias=''
host_cpu='x86_64'
host_os='darwin14.0.0'
host_vendor='apple'
htmldir='${docdir}'
includedir='${prefix}/include'
infodir='${datarootdir}/info'
install_sh='${SHELL} /Users/Rafa/pocs/gloox/gloox-1.0.12/install-sh'
libdir='${exec_prefix}/lib'
libexecdir='${exec_prefix}/libexec'
localedir='${datarootdir}/locale'
localstatedir='${prefix}/var'
mandir='${datarootdir}/man'
mkdir_p='$(top_builddir)/./install-sh -c -d'
oldincludedir='/usr/include'
pdfdir='${docdir}'
prefix='/usr/local'
program_transform_name='s,x,x,'
psdir='${docdir}'
sbindir='${exec_prefix}/sbin'
sharedstatedir='${prefix}/com'
sysconfdir='${prefix}/etc'
target_alias=''

## ----------- ##
## confdefs.h. ##
## ----------- ##

/* confdefs.h */
#define PACKAGE_NAME "gloox"
#define PACKAGE_TARNAME "gloox"
#define PACKAGE_VERSION "1.0.12"
#define PACKAGE_STRING "gloox 1.0.12"
#define PACKAGE_BUGREPORT "js@camaya.net"
#define PACKAGE_URL ""
#define PACKAGE "gloox"
#define VERSION "1.0.12"
#define STDC_HEADERS 1
#define HAVE_SYS_TYPES_H 1
#define HAVE_SYS_STAT_H 1
#define HAVE_STDLIB_H 1
#define HAVE_STRING_H 1
#define HAVE_MEMORY_H 1
#define HAVE_STRINGS_H 1
#define HAVE_INTTYPES_H 1
#define HAVE_STDINT_H 1
#define HAVE_UNISTD_H 1
#define HAVE_DLFCN_H 1
#define LT_OBJDIR ".libs/"
#define HAVE_LIBIDN 1
#define HAVE_GNUTLS 1
#define HAVE_GNUTLS_SESSION_CHANNEL_BINDING 1
#define HAVE_ZLIB 1
#define HAVE_PTHREAD 1
#define HAVE_RES_QUERYDOMAIN 1
#define HAVE_DN_SKIPNAME 1
#define HAVE_RES_QUERY 1
#define STDC_HEADERS 1
#define HAVE_UNISTD_H 1
#define HAVE_STRINGS_H 1
#define HAVE_ERRNO_H 1
#define HAVE_ARPA_NAMESER_H 1
#define HAVE_SETSOCKOPT 1

configure: exit 0
