common.mkdir Build/boost/bin.v2/standalone

        mkdir -p "Build/boost/bin.v2/standalone"
    
common.mkdir Build/boost/bin.v2/standalone/ac

        mkdir -p "Build/boost/bin.v2/standalone/ac"
    
common.mkdir Build/boost/bin.v2/standalone/ac/7f927638a298a02d90a6384ba4ab2448

        mkdir -p "Build/boost/bin.v2/standalone/ac/7f927638a298a02d90a6384ba4ab2448"
    
common.mkdir Build/boost/bin.v2/standalone/ac/d41d8cd98f00b204e9800998ecf8427e

        mkdir -p "Build/boost/bin.v2/standalone/ac/d41d8cd98f00b204e9800998ecf8427e"
    

file /var/folders/fk/20cpsgl53mz_vzg2zdx50c6h0000gn/T//jam361643ee.000
#include <zlib.h>
text-action Build/boost/bin.v2/standalone/ac/d41d8cd98f00b204e9800998ecf8427e/zlib.h.cpp

    cat "/var/folders/fk/20cpsgl53mz_vzg2zdx50c6h0000gn/T//jam361643ee.000" > "Build/boost/bin.v2/standalone/ac/d41d8cd98f00b204e9800998ecf8427e/zlib.h.cpp"

clang-darwin.compile.c++ Build/boost/bin.v2/standalone/ac/7f927638a298a02d90a6384ba4ab2448/zlib.h.o

    "clang++" -x c++ -fPIC -std=c++11 -stdlib=libc++ -O3 -O3 -finline-functions -Wno-inline -Wall -DNDEBUG  -c -o "Build/boost/bin.v2/standalone/ac/7f927638a298a02d90a6384ba4ab2448/zlib.h.o" "Build/boost/bin.v2/standalone/ac/d41d8cd98f00b204e9800998ecf8427e/zlib.h.cpp"


file /var/folders/fk/20cpsgl53mz_vzg2zdx50c6h0000gn/T//jam361643ef.000
int main() {}
text-action Build/boost/bin.v2/standalone/ac/d41d8cd98f00b204e9800998ecf8427e/main.cpp

    cat "/var/folders/fk/20cpsgl53mz_vzg2zdx50c6h0000gn/T//jam361643ef.000" > "Build/boost/bin.v2/standalone/ac/d41d8cd98f00b204e9800998ecf8427e/main.cpp"

clang-darwin.compile.c++ Build/boost/bin.v2/standalone/ac/7f927638a298a02d90a6384ba4ab2448/main.o

    "clang++" -x c++ -fPIC -std=c++11 -stdlib=libc++ -O3 -O3 -finline-functions -Wno-inline -Wall -DNDEBUG  -c -o "Build/boost/bin.v2/standalone/ac/7f927638a298a02d90a6384ba4ab2448/main.o" "Build/boost/bin.v2/standalone/ac/d41d8cd98f00b204e9800998ecf8427e/main.cpp"

clang-darwin.link Build/boost/bin.v2/standalone/ac/7f927638a298a02d90a6384ba4ab2448/z

    "clang++" -stdlib=libc++ -stdlib=libc++  -o "Build/boost/bin.v2/standalone/ac/7f927638a298a02d90a6384ba4ab2448/z" "Build/boost/bin.v2/standalone/ac/7f927638a298a02d90a6384ba4ab2448/main.o"    -lz    


file /var/folders/fk/20cpsgl53mz_vzg2zdx50c6h0000gn/T//jam361643f0.000
# Automatically generated by Boost.Build.
# Do not edit.

module config-cache {
  set "has_icu builds-<address-model>32_64-<architecture>combined-<target-os>darwin-<toolset-clang:version>4.2.1-<toolset>clang" : "false" ;
  set "lockfree boost::atomic_flag-<address-model>32_64-<architecture>combined-<target-os>darwin-<toolset-clang:version>4.2.1-<toolset>clang" : "true" ;
  set "iconv (libc)-<address-model>32_64-<architecture>combined-<target-os>darwin-<toolset-clang:version>4.2.1-<toolset>clang" : "false" ;
  set "iconv (separate)-<address-model>32_64-<architecture>combined-<target-os>darwin-<toolset-clang:version>4.2.1-<toolset>clang" : "true" ;
  set "icu-<address-model>32_64-<architecture>combined-<target-os>darwin-<toolset-clang:version>4.2.1-<toolset>clang" : "false" ;
  set "icu (lib64)-<address-model>32_64-<architecture>combined-<target-os>darwin-<toolset-clang:version>4.2.1-<toolset>clang" : "false" ;
  set "ac-library-zlib-<address-model>32_64-<architecture>combined-<link>static-<target-os>darwin-<toolset-clang:version>4.2.1-<toolset>clang" : "%default" "z" "<link>static" ;
}

config-cache.write Build/boost/bin.v2/project-cache.jam

    cat "/var/folders/fk/20cpsgl53mz_vzg2zdx50c6h0000gn/T//jam361643f0.000" > "Build/boost/bin.v2/project-cache.jam"

