This file contains any messages produced by compilers while
running configure, to aid debugging if configure makes a mistake.

It was created by Makefile.in configure 1.2.1, which was
generated by GNU Autoconf 2.69.  Invocation command line was

  $ ./configure 

## --------- ##
## Platform. ##
## --------- ##

hostname = MacBook-Pro-de-Jorge.local
uname -m = x86_64
uname -r = 14.0.0
uname -s = Darwin
uname -v = Darwin Kernel Version 14.0.0: Fri Sep 19 00:26:44 PDT 2014; root:xnu-2782.1.97~2/RELEASE_X86_64

/usr/bin/uname -p = i386
/bin/uname -X     = unknown

/bin/arch              = unknown
/usr/bin/arch -k       = unknown
/usr/convex/getsysinfo = unknown
/usr/bin/hostinfo      = Mach kernel version:
	 Darwin Kernel Version 14.0.0: Fri Sep 19 00:26:44 PDT 2014; root:xnu-2782.1.97~2/RELEASE_X86_64
Kernel configured for up to 4 processors.
2 processors are physically available.
4 processors are logically available.
Processor type: x86_64h (Intel x86-64h Haswell)
Processors active: 0 1 2 3
Primary memory available: 8.00 gigabytes
Default processor set: 280 tasks, 1926 threads, 4 processors
Load average: 1.92, Mach factor: 2.09
/bin/machine           = unknown
/usr/bin/oslevel       = unknown
/bin/universe          = unknown

PATH: /usr/local/bin
PATH: /usr/local/bin
PATH: /usr/bin
PATH: /bin
PATH: /usr/sbin
PATH: /sbin
PATH: /opt/X11/bin
PATH: /usr/local/CrossPack-AVR/bin
PATH: /usr/local/go/bin
PATH: /Users/Rafa/Qt/5.3/clang_64/bin


## ----------- ##
## Core tests. ##
## ----------- ##

configure:2080: checking for gcc
configure:2096: found /usr/bin/gcc
configure:2107: result: gcc
configure:2336: checking for C compiler version
configure:2345: gcc --version >&5
Apple LLVM version 6.0 (clang-600.0.54) (based on LLVM 3.5svn)
Target: x86_64-apple-darwin14.0.0
Thread model: posix
Configured with: --prefix=/Applications/Xcode.app/Contents/Developer//usr --with-gxx-include-dir=/usr/include/c++/4.2.1
configure:2356: $? = 0
configure:2345: gcc -v >&5
Configured with: --prefix=/Applications/Xcode.app/Contents/Developer//usr --with-gxx-include-dir=/usr/include/c++/4.2.1
Apple LLVM version 6.0 (clang-600.0.54) (based on LLVM 3.5svn)
Target: x86_64-apple-darwin14.0.0
Thread model: posix
configure:2356: $? = 0
configure:2345: gcc -V >&5
clang: error: argument to '-V' is missing (expected 1 value)
clang: error: no input files
configure:2356: $? = 1
configure:2345: gcc -qversion >&5
clang: error: unknown argument: '-qversion'
clang: error: no input files
configure:2356: $? = 1
configure:2376: checking whether the C compiler works
configure:2398: gcc    conftest.c  >&5
configure:2402: $? = 0
configure:2450: result: yes
configure:2453: checking for C compiler default output file name
configure:2455: result: a.out
configure:2461: checking for suffix of executables
configure:2468: gcc -o conftest    conftest.c  >&5
configure:2472: $? = 0
configure:2494: result: 
configure:2516: checking whether we are cross compiling
configure:2524: gcc -o conftest    conftest.c  >&5
configure:2528: $? = 0
configure:2535: ./conftest
configure:2539: $? = 0
configure:2554: result: no
configure:2559: checking for suffix of object files
configure:2581: gcc -c   conftest.c >&5
configure:2585: $? = 0
configure:2606: result: o
configure:2610: checking whether we are using the GNU C compiler
configure:2629: gcc -c   conftest.c >&5
configure:2629: $? = 0
configure:2638: result: yes
configure:2647: checking whether gcc accepts -g
configure:2667: gcc -c -g  conftest.c >&5
configure:2667: $? = 0
configure:2708: result: yes
configure:2725: checking for gcc option to accept ISO C89
configure:2788: gcc  -c -g -O2  conftest.c >&5
configure:2788: $? = 0
configure:2801: result: none needed
configure:2826: checking how to run the C preprocessor
configure:2857: gcc -E  conftest.c
configure:2857: $? = 0
configure:2871: gcc -E  conftest.c
conftest.c:9:10: fatal error: 'ac_nonexistent.h' file not found
#include <ac_nonexistent.h>
         ^
1 error generated.
configure:2871: $? = 1
configure: failed program was:
| /* confdefs.h */
| #define PACKAGE_NAME "Makefile.in"
| #define PACKAGE_TARNAME "makefile-in"
| #define PACKAGE_VERSION "1.2.1"
| #define PACKAGE_STRING "Makefile.in 1.2.1"
| #define PACKAGE_BUGREPORT ""
| #define PACKAGE_URL ""
| /* end confdefs.h.  */
| #include <ac_nonexistent.h>
configure:2896: result: gcc -E
configure:2916: gcc -E  conftest.c
configure:2916: $? = 0
configure:2930: gcc -E  conftest.c
conftest.c:9:10: fatal error: 'ac_nonexistent.h' file not found
#include <ac_nonexistent.h>
         ^
1 error generated.
configure:2930: $? = 1
configure: failed program was:
| /* confdefs.h */
| #define PACKAGE_NAME "Makefile.in"
| #define PACKAGE_TARNAME "makefile-in"
| #define PACKAGE_VERSION "1.2.1"
| #define PACKAGE_STRING "Makefile.in 1.2.1"
| #define PACKAGE_BUGREPORT ""
| #define PACKAGE_URL ""
| /* end confdefs.h.  */
| #include <ac_nonexistent.h>
configure:3119: checking for pcap_open_live in -lpcap
configure:3144: gcc -o conftest  -I/usr/local/include  -I/usr/local/include  -L/usr/local/lib conftest.c -lpcap   >&5
configure:3144: $? = 0
configure:3153: result: yes
configure:3166: checking for nl_handle_alloc in -lnl
configure:3191: gcc -o conftest  -I/usr/local/include  -I/usr/local/include  -L/usr/local/lib conftest.c -lnl   >&5
ld: library not found for -lnl
clang: error: linker command failed with exit code 1 (use -v to see invocation)
configure:3191: $? = 1
configure: failed program was:
| /* confdefs.h */
| #define PACKAGE_NAME "Makefile.in"
| #define PACKAGE_TARNAME "makefile-in"
| #define PACKAGE_VERSION "1.2.1"
| #define PACKAGE_STRING "Makefile.in 1.2.1"
| #define PACKAGE_BUGREPORT ""
| #define PACKAGE_URL ""
| #define NTOPNG_SVN_RELEASE "r1.2.1"
| #define NTOPNG_SVN_DATE "Fri Jan 30 14:41:43 CST 2015"
| #define PACKAGE_OSNAME "x86_64-apple-darwin14.0.0"
| /* end confdefs.h.  */
| 
| /* Override any GCC internal prototype to avoid an error.
|    Use char because int might match the return type of a GCC
|    builtin and then its argument prototype would still apply.  */
| #ifdef __cplusplus
| extern "C"
| #endif
| char nl_handle_alloc ();
| int
| main ()
| {
| return nl_handle_alloc ();
|   ;
|   return 0;
| }
configure:3200: result: no
configure:3206: checking for clock_gettime in -lrt
configure:3231: gcc -o conftest  -I/usr/local/include  -I/usr/local/include  -L/usr/local/lib conftest.c -lrt   >&5
ld: library not found for -lrt
clang: error: linker command failed with exit code 1 (use -v to see invocation)
configure:3231: $? = 1
configure: failed program was:
| /* confdefs.h */
| #define PACKAGE_NAME "Makefile.in"
| #define PACKAGE_TARNAME "makefile-in"
| #define PACKAGE_VERSION "1.2.1"
| #define PACKAGE_STRING "Makefile.in 1.2.1"
| #define PACKAGE_BUGREPORT ""
| #define PACKAGE_URL ""
| #define NTOPNG_SVN_RELEASE "r1.2.1"
| #define NTOPNG_SVN_DATE "Fri Jan 30 14:41:43 CST 2015"
| #define PACKAGE_OSNAME "x86_64-apple-darwin14.0.0"
| /* end confdefs.h.  */
| 
| /* Override any GCC internal prototype to avoid an error.
|    Use char because int might match the return type of a GCC
|    builtin and then its argument prototype would still apply.  */
| #ifdef __cplusplus
| extern "C"
| #endif
| char clock_gettime ();
| int
| main ()
| {
| return clock_gettime ();
|   ;
|   return 0;
| }
configure:3240: result: no
configure:3247: checking for dlopen in -ldl
configure:3272: gcc -o conftest  -I/usr/local/include  -I/usr/local/include  -L/usr/local/lib conftest.c -ldl   >&5
configure:3272: $? = 0
configure:3281: result: yes
configure:3301: checking for GeoIP_record_by_ipnum in -lGeoIP
configure:3326: gcc -o conftest -fno-color-diagnostics -Wall  -I/usr/local/include  -I/usr/local/include  -L/usr/local/lib -ldl conftest.c -lGeoIP   >&5
ld: library not found for -lGeoIP
clang: error: linker command failed with exit code 1 (use -v to see invocation)
configure:3326: $? = 1
configure: failed program was:
| /* confdefs.h */
| #define PACKAGE_NAME "Makefile.in"
| #define PACKAGE_TARNAME "makefile-in"
| #define PACKAGE_VERSION "1.2.1"
| #define PACKAGE_STRING "Makefile.in 1.2.1"
| #define PACKAGE_BUGREPORT ""
| #define PACKAGE_URL ""
| #define NTOPNG_SVN_RELEASE "r1.2.1"
| #define NTOPNG_SVN_DATE "Fri Jan 30 14:41:43 CST 2015"
| #define PACKAGE_OSNAME "x86_64-apple-darwin14.0.0"
| /* end confdefs.h.  */
| 
| /* Override any GCC internal prototype to avoid an error.
|    Use char because int might match the return type of a GCC
|    builtin and then its argument prototype would still apply.  */
| #ifdef __cplusplus
| extern "C"
| #endif
| char GeoIP_record_by_ipnum ();
| int
| main ()
| {
| return GeoIP_record_by_ipnum ();
|   ;
|   return 0;
| }
configure:3335: result: no
configure:3347: checking for grep that handles long lines and -e
configure:3405: result: /usr/bin/grep
configure:3410: checking for egrep
configure:3472: result: /usr/bin/grep -E
configure:3477: checking for ANSI C header files
configure:3497: gcc -c -fno-color-diagnostics -Wall  -I/usr/local/include  -I/usr/local/include conftest.c >&5
configure:3497: $? = 0
configure:3570: gcc -o conftest -fno-color-diagnostics -Wall  -I/usr/local/include  -I/usr/local/include  -L/usr/local/lib -ldl conftest.c  >&5
configure:3570: $? = 0
configure:3570: ./conftest
configure:3570: $? = 0
configure:3581: result: yes
configure:3594: checking for sys/types.h
configure:3594: gcc -c -fno-color-diagnostics -Wall  -I/usr/local/include  -I/usr/local/include conftest.c >&5
configure:3594: $? = 0
configure:3594: result: yes
configure:3594: checking for sys/stat.h
configure:3594: gcc -c -fno-color-diagnostics -Wall  -I/usr/local/include  -I/usr/local/include conftest.c >&5
configure:3594: $? = 0
configure:3594: result: yes
configure:3594: checking for stdlib.h
configure:3594: gcc -c -fno-color-diagnostics -Wall  -I/usr/local/include  -I/usr/local/include conftest.c >&5
configure:3594: $? = 0
configure:3594: result: yes
configure:3594: checking for string.h
configure:3594: gcc -c -fno-color-diagnostics -Wall  -I/usr/local/include  -I/usr/local/include conftest.c >&5
configure:3594: $? = 0
configure:3594: result: yes
configure:3594: checking for memory.h
configure:3594: gcc -c -fno-color-diagnostics -Wall  -I/usr/local/include  -I/usr/local/include conftest.c >&5
configure:3594: $? = 0
configure:3594: result: yes
configure:3594: checking for strings.h
configure:3594: gcc -c -fno-color-diagnostics -Wall  -I/usr/local/include  -I/usr/local/include conftest.c >&5
configure:3594: $? = 0
configure:3594: result: yes
configure:3594: checking for inttypes.h
configure:3594: gcc -c -fno-color-diagnostics -Wall  -I/usr/local/include  -I/usr/local/include conftest.c >&5
configure:3594: $? = 0
configure:3594: result: yes
configure:3594: checking for stdint.h
configure:3594: gcc -c -fno-color-diagnostics -Wall  -I/usr/local/include  -I/usr/local/include conftest.c >&5
configure:3594: $? = 0
configure:3594: result: yes
configure:3594: checking for unistd.h
configure:3594: gcc -c -fno-color-diagnostics -Wall  -I/usr/local/include  -I/usr/local/include conftest.c >&5
configure:3594: $? = 0
configure:3594: result: yes
configure:3608: checking GeoIP.h usability
configure:3608: gcc -c -fno-color-diagnostics -Wall  -I/usr/local/include  -I/usr/local/include conftest.c >&5
conftest.c:55:10: fatal error: 'GeoIP.h' file not found
#include <GeoIP.h>
         ^
1 error generated.
configure:3608: $? = 1
configure: failed program was:
| /* confdefs.h */
| #define PACKAGE_NAME "Makefile.in"
| #define PACKAGE_TARNAME "makefile-in"
| #define PACKAGE_VERSION "1.2.1"
| #define PACKAGE_STRING "Makefile.in 1.2.1"
| #define PACKAGE_BUGREPORT ""
| #define PACKAGE_URL ""
| #define NTOPNG_SVN_RELEASE "r1.2.1"
| #define NTOPNG_SVN_DATE "Fri Jan 30 14:41:43 CST 2015"
| #define PACKAGE_OSNAME "x86_64-apple-darwin14.0.0"
| #define STDC_HEADERS 1
| #define HAVE_SYS_TYPES_H 1
| #define HAVE_SYS_STAT_H 1
| #define HAVE_STDLIB_H 1
| #define HAVE_STRING_H 1
| #define HAVE_MEMORY_H 1
| #define HAVE_STRINGS_H 1
| #define HAVE_INTTYPES_H 1
| #define HAVE_STDINT_H 1
| #define HAVE_UNISTD_H 1
| /* end confdefs.h.  */
| #include <stdio.h>
| #ifdef HAVE_SYS_TYPES_H
| # include <sys/types.h>
| #endif
| #ifdef HAVE_SYS_STAT_H
| # include <sys/stat.h>
| #endif
| #ifdef STDC_HEADERS
| # include <stdlib.h>
| # include <stddef.h>
| #else
| # ifdef HAVE_STDLIB_H
| #  include <stdlib.h>
| # endif
| #endif
| #ifdef HAVE_STRING_H
| # if !defined STDC_HEADERS && defined HAVE_MEMORY_H
| #  include <memory.h>
| # endif
| # include <string.h>
| #endif
| #ifdef HAVE_STRINGS_H
| # include <strings.h>
| #endif
| #ifdef HAVE_INTTYPES_H
| # include <inttypes.h>
| #endif
| #ifdef HAVE_STDINT_H
| # include <stdint.h>
| #endif
| #ifdef HAVE_UNISTD_H
| # include <unistd.h>
| #endif
| #include <GeoIP.h>
configure:3608: result: no
configure:3608: checking GeoIP.h presence
configure:3608: gcc -E  -I/usr/local/include conftest.c
conftest.c:22:10: fatal error: 'GeoIP.h' file not found
#include <GeoIP.h>
         ^
1 error generated.
configure:3608: $? = 1
configure: failed program was:
| /* confdefs.h */
| #define PACKAGE_NAME "Makefile.in"
| #define PACKAGE_TARNAME "makefile-in"
| #define PACKAGE_VERSION "1.2.1"
| #define PACKAGE_STRING "Makefile.in 1.2.1"
| #define PACKAGE_BUGREPORT ""
| #define PACKAGE_URL ""
| #define NTOPNG_SVN_RELEASE "r1.2.1"
| #define NTOPNG_SVN_DATE "Fri Jan 30 14:41:43 CST 2015"
| #define PACKAGE_OSNAME "x86_64-apple-darwin14.0.0"
| #define STDC_HEADERS 1
| #define HAVE_SYS_TYPES_H 1
| #define HAVE_SYS_STAT_H 1
| #define HAVE_STDLIB_H 1
| #define HAVE_STRING_H 1
| #define HAVE_MEMORY_H 1
| #define HAVE_STRINGS_H 1
| #define HAVE_INTTYPES_H 1
| #define HAVE_STDINT_H 1
| #define HAVE_UNISTD_H 1
| /* end confdefs.h.  */
| #include <GeoIP.h>
configure:3608: result: no
configure:3608: checking for GeoIP.h
configure:3608: result: no
configure:3687: result: Build ntop without geolocation - GeoIP (http://www.maxmind.com/)
configure:3692: checking for sqlite3_open in -lsqlite3
configure:3717: gcc -o conftest -fno-color-diagnostics -Wall  -I/usr/local/include  -I/usr/local/include  -L/usr/local/lib -ldl conftest.c -lsqlite3   >&5
configure:3717: $? = 0
configure:3726: result: yes
configure:3773: result: ERROR. wget is not installed on your host: you cannot download GeoIP data
configure:3956: creating ./config.status

## ---------------------- ##
## Running config.status. ##
## ---------------------- ##

This file was extended by Makefile.in config.status 1.2.1, which was
generated by GNU Autoconf 2.69.  Invocation command line was

  CONFIG_FILES    = 
  CONFIG_HEADERS  = 
  CONFIG_LINKS    = 
  CONFIG_COMMANDS = 
  $ ./config.status 

on MacBook-Pro-de-Jorge.local

config.status:827: creating packages/ntopng.spec
config.status:827: creating packages/ntopng-data.spec
config.status:827: creating Makefile
config.status:926: WARNING:  'Makefile.in' seems to ignore the --datarootdir setting
config.status:827: creating doc/doxygen.conf
config.status:827: creating config.h

## ---------------- ##
## Cache variables. ##
## ---------------- ##

ac_cv_c_compiler_gnu=yes
ac_cv_env_CC_set=
ac_cv_env_CC_value=
ac_cv_env_CFLAGS_set=
ac_cv_env_CFLAGS_value=
ac_cv_env_CPPFLAGS_set=
ac_cv_env_CPPFLAGS_value=
ac_cv_env_CPP_set=
ac_cv_env_CPP_value=
ac_cv_env_LDFLAGS_set=
ac_cv_env_LDFLAGS_value=
ac_cv_env_LIBS_set=
ac_cv_env_LIBS_value=
ac_cv_env_build_alias_set=
ac_cv_env_build_alias_value=
ac_cv_env_host_alias_set=
ac_cv_env_host_alias_value=
ac_cv_env_target_alias_set=
ac_cv_env_target_alias_value=
ac_cv_header_GeoIP_h=no
ac_cv_header_inttypes_h=yes
ac_cv_header_memory_h=yes
ac_cv_header_stdc=yes
ac_cv_header_stdint_h=yes
ac_cv_header_stdlib_h=yes
ac_cv_header_string_h=yes
ac_cv_header_strings_h=yes
ac_cv_header_sys_stat_h=yes
ac_cv_header_sys_types_h=yes
ac_cv_header_unistd_h=yes
ac_cv_lib_GeoIP_GeoIP_record_by_ipnum=no
ac_cv_lib_dl_dlopen=yes
ac_cv_lib_nl_nl_handle_alloc=no
ac_cv_lib_pcap_pcap_open_live=yes
ac_cv_lib_rt_clock_gettime=no
ac_cv_lib_sqlite3_sqlite3_open=yes
ac_cv_objext=o
ac_cv_path_EGREP='/usr/bin/grep -E'
ac_cv_path_GREP=/usr/bin/grep
ac_cv_prog_CPP='gcc -E'
ac_cv_prog_ac_ct_CC=gcc
ac_cv_prog_cc_c89=
ac_cv_prog_cc_g=yes

## ----------------- ##
## Output variables. ##
## ----------------- ##

CC='gcc'
CFLAGS='-fno-color-diagnostics -Wall  -I/usr/local/include'
CPP='gcc -E'
CPPFLAGS=' -I/usr/local/include'
CXXFLAGS=''
DATE='2015-01-30'
DEFS='-DHAVE_CONFIG_H'
ECHO_C='\c'
ECHO_N=''
ECHO_T=''
EGREP='/usr/bin/grep -E'
EXEEXT=''
EXTN='amd64'
GEOIP_LIB=''
GMAKE='make'
GPP='/usr/bin/clang++'
GREP='/usr/bin/grep'
HIREDIS_INC='-I ./third-party/hiredis'
HIREDIS_LIB=''
INSTALL_DIR='/usr/local'
KERNEL=''
LDFLAGS=' -L/usr/local/lib -ldl'
LIBOBJS=''
LIBS=''
LINK_OPTS='-pagezero_size 10000 -image_base 100000000'
LTLIBOBJS=''
MACHINE='x86_64'
MAN_DIR='/usr/local/share'
NTOPNG_VERSION='1.2.1'
OBJEXT='o'
PACKAGE_BUGREPORT=''
PACKAGE_NAME='Makefile.in'
PACKAGE_STRING='Makefile.in 1.2.1'
PACKAGE_TARNAME='makefile-in'
PACKAGE_URL=''
PACKAGE_VERSION='1.2.1'
PATH_SEPARATOR=':'
SHELL='/bin/sh'
SQLITE_LIB='-lsqlite3'
SVN='/usr/bin/svn'
SVN_DATE='Fri Jan 30 14:41:43 CST 2015'
SVN_RELEASE='1.2.1'
SVN_WC_DB=''
SYSTEM='Darwin'
ac_ct_CC='gcc'
bindir='${exec_prefix}/bin'
build_alias=''
datadir='${datarootdir}'
datarootdir='${prefix}/share'
docdir='${datarootdir}/doc/${PACKAGE_TARNAME}'
dvidir='${docdir}'
exec_prefix='${prefix}'
host_alias=''
htmldir='${docdir}'
includedir='${prefix}/include'
infodir='${datarootdir}/info'
libdir='${exec_prefix}/lib'
libexecdir='${exec_prefix}/libexec'
localedir='${datarootdir}/locale'
localstatedir='${prefix}/var'
mandir='${datarootdir}/man'
oldincludedir='/usr/include'
pdfdir='${docdir}'
prefix='/usr/local'
program_transform_name='s,x,x,'
psdir='${docdir}'
sbindir='${exec_prefix}/sbin'
sharedstatedir='${prefix}/com'
sysconfdir='${prefix}/etc'
target_alias=''

## ----------- ##
## confdefs.h. ##
## ----------- ##

/* confdefs.h */
#define PACKAGE_NAME "Makefile.in"
#define PACKAGE_TARNAME "makefile-in"
#define PACKAGE_VERSION "1.2.1"
#define PACKAGE_STRING "Makefile.in 1.2.1"
#define PACKAGE_BUGREPORT ""
#define PACKAGE_URL ""
#define NTOPNG_SVN_RELEASE "r1.2.1"
#define NTOPNG_SVN_DATE "Fri Jan 30 14:41:43 CST 2015"
#define PACKAGE_OSNAME "x86_64-apple-darwin14.0.0"
#define STDC_HEADERS 1
#define HAVE_SYS_TYPES_H 1
#define HAVE_SYS_STAT_H 1
#define HAVE_STDLIB_H 1
#define HAVE_STRING_H 1
#define HAVE_MEMORY_H 1
#define HAVE_STRINGS_H 1
#define HAVE_INTTYPES_H 1
#define HAVE_STDINT_H 1
#define HAVE_UNISTD_H 1
#define HAVE_SQLITE 1
#define _CRT_SECURE_NO_WARNINGS 1
#define PACKAGE_RELEASE "r1.2.1"
#define PACKAGE_MACHINE "x86_64"

configure: exit 0
