
Component configuration:

    - atomic                   : not building
    - chrono                   : not building
    - container                : not building
    - context                  : not building
    - coroutine                : not building
    - date_time                : not building
    - exception                : not building
    - filesystem               : building
    - graph                    : not building
    - graph_parallel           : not building
    - iostreams                : not building
    - locale                   : not building
    - log                      : not building
    - math                     : not building
    - mpi                      : not building
    - program_options          : not building
    - python                   : not building
    - random                   : not building
    - regex                    : not building
    - serialization            : not building
    - signals                  : not building
    - system                   : not building
    - test                     : not building
    - thread                   : not building
    - timer                    : not building
    - wave                     : not building

common.mkdir Build/boost/bin.v2/libs/filesystem

        mkdir -p "Build/boost/bin.v2/libs/filesystem"
    
common.mkdir Build/boost/bin.v2/libs/filesystem/build

        mkdir -p "Build/boost/bin.v2/libs/filesystem/build"
    
common.mkdir Build/boost/bin.v2/libs/filesystem/build/7f927638a298a02d90a6384ba4ab2448

        mkdir -p "Build/boost/bin.v2/libs/filesystem/build/7f927638a298a02d90a6384ba4ab2448"
    
clang-darwin.compile.c++ Build/boost/bin.v2/libs/filesystem/build/7f927638a298a02d90a6384ba4ab2448/codecvt_error_category.o

    "clang++" -x c++ -fPIC -std=c++11 -stdlib=libc++ -O3 -O3 -finline-functions -Wno-inline -Wall -DBOOST_ALL_NO_LIB=1 -DBOOST_FILESYSTEM_STATIC_LINK=1 -DBOOST_SYSTEM_STATIC_LINK=1 -DNDEBUG -I"." -c -o "Build/boost/bin.v2/libs/filesystem/build/7f927638a298a02d90a6384ba4ab2448/codecvt_error_category.o" "libs/filesystem/src/codecvt_error_category.cpp"

clang-darwin.compile.c++ Build/boost/bin.v2/libs/filesystem/build/7f927638a298a02d90a6384ba4ab2448/operations.o

    "clang++" -x c++ -fPIC -std=c++11 -stdlib=libc++ -O3 -O3 -finline-functions -Wno-inline -Wall -DBOOST_ALL_NO_LIB=1 -DBOOST_FILESYSTEM_STATIC_LINK=1 -DBOOST_SYSTEM_STATIC_LINK=1 -DNDEBUG -I"." -c -o "Build/boost/bin.v2/libs/filesystem/build/7f927638a298a02d90a6384ba4ab2448/operations.o" "libs/filesystem/src/operations.cpp"

libs/filesystem/src/operations.cpp:318:8: warning: unused function 'error' [-Wunused-function]
  bool error(bool was_error, const error_code& result,
       ^
1 warning generated.
clang-darwin.compile.c++ Build/boost/bin.v2/libs/filesystem/build/7f927638a298a02d90a6384ba4ab2448/path.o

    "clang++" -x c++ -fPIC -std=c++11 -stdlib=libc++ -O3 -O3 -finline-functions -Wno-inline -Wall -DBOOST_ALL_NO_LIB=1 -DBOOST_FILESYSTEM_STATIC_LINK=1 -DBOOST_SYSTEM_STATIC_LINK=1 -DNDEBUG -I"." -c -o "Build/boost/bin.v2/libs/filesystem/build/7f927638a298a02d90a6384ba4ab2448/path.o" "libs/filesystem/src/path.cpp"

In file included from libs/filesystem/src/path.cpp:40:
In file included from ./boost/filesystem/detail/utf8_codecvt_facet.hpp:18:
./boost/detail/utf8_codecvt_facet.hpp:176:17: warning: 'boost::filesystem::detail::utf8_codecvt_facet::do_length' hides overloaded virtual function [-Woverloaded-virtual]
    virtual int do_length(
                ^
/Applications/Xcode.app/Contents/Developer/Toolchains/XcodeDefault.xctoolchain/usr/bin/../include/c++/v1/__locale:952:17: note: hidden overloaded virtual function 'std::__1::codecvt<wchar_t, char, __mbstate_t>::do_length' declared here: type mismatch at 1st parameter ('state_type &' (aka '__mbstate_t &') vs 'const std::mbstate_t &' (aka 'const __mbstate_t &'))
    virtual int do_length(state_type&, const extern_type* __frm, const extern_type* __end, size_t __mx) const;
                ^
1 warning generated.
clang-darwin.compile.c++ Build/boost/bin.v2/libs/filesystem/build/7f927638a298a02d90a6384ba4ab2448/path_traits.o

    "clang++" -x c++ -fPIC -std=c++11 -stdlib=libc++ -O3 -O3 -finline-functions -Wno-inline -Wall -DBOOST_ALL_NO_LIB=1 -DBOOST_FILESYSTEM_STATIC_LINK=1 -DBOOST_SYSTEM_STATIC_LINK=1 -DNDEBUG -I"." -c -o "Build/boost/bin.v2/libs/filesystem/build/7f927638a298a02d90a6384ba4ab2448/path_traits.o" "libs/filesystem/src/path_traits.cpp"

clang-darwin.compile.c++ Build/boost/bin.v2/libs/filesystem/build/7f927638a298a02d90a6384ba4ab2448/portability.o

    "clang++" -x c++ -fPIC -std=c++11 -stdlib=libc++ -O3 -O3 -finline-functions -Wno-inline -Wall -DBOOST_ALL_NO_LIB=1 -DBOOST_FILESYSTEM_STATIC_LINK=1 -DBOOST_SYSTEM_STATIC_LINK=1 -DNDEBUG -I"." -c -o "Build/boost/bin.v2/libs/filesystem/build/7f927638a298a02d90a6384ba4ab2448/portability.o" "libs/filesystem/src/portability.cpp"

clang-darwin.compile.c++ Build/boost/bin.v2/libs/filesystem/build/7f927638a298a02d90a6384ba4ab2448/unique_path.o

    "clang++" -x c++ -fPIC -std=c++11 -stdlib=libc++ -O3 -O3 -finline-functions -Wno-inline -Wall -DBOOST_ALL_NO_LIB=1 -DBOOST_FILESYSTEM_STATIC_LINK=1 -DBOOST_SYSTEM_STATIC_LINK=1 -DNDEBUG -I"." -c -o "Build/boost/bin.v2/libs/filesystem/build/7f927638a298a02d90a6384ba4ab2448/unique_path.o" "libs/filesystem/src/unique_path.cpp"

clang-darwin.compile.c++ Build/boost/bin.v2/libs/filesystem/build/7f927638a298a02d90a6384ba4ab2448/utf8_codecvt_facet.o

    "clang++" -x c++ -fPIC -std=c++11 -stdlib=libc++ -O3 -O3 -finline-functions -Wno-inline -Wall -DBOOST_ALL_NO_LIB=1 -DBOOST_FILESYSTEM_STATIC_LINK=1 -DBOOST_SYSTEM_STATIC_LINK=1 -DNDEBUG -I"." -c -o "Build/boost/bin.v2/libs/filesystem/build/7f927638a298a02d90a6384ba4ab2448/utf8_codecvt_facet.o" "libs/filesystem/src/utf8_codecvt_facet.cpp"

In file included from libs/filesystem/src/utf8_codecvt_facet.cpp:23:
In file included from ./boost/detail/utf8_codecvt_facet.ipp:13:
./boost/detail/utf8_codecvt_facet.hpp:176:17: warning: 'boost::filesystem::detail::utf8_codecvt_facet::do_length' hides overloaded virtual function [-Woverloaded-virtual]
    virtual int do_length(
                ^
/Applications/Xcode.app/Contents/Developer/Toolchains/XcodeDefault.xctoolchain/usr/bin/../include/c++/v1/__locale:952:17: note: hidden overloaded virtual function 'std::__1::codecvt<wchar_t, char, __mbstate_t>::do_length' declared here: type mismatch at 1st parameter ('state_type &' (aka '__mbstate_t &') vs 'const std::mbstate_t &' (aka 'const __mbstate_t &'))
    virtual int do_length(state_type&, const extern_type* __frm, const extern_type* __end, size_t __mx) const;
                ^
1 warning generated.
clang-darwin.compile.c++ Build/boost/bin.v2/libs/filesystem/build/7f927638a298a02d90a6384ba4ab2448/windows_file_codecvt.o

    "clang++" -x c++ -fPIC -std=c++11 -stdlib=libc++ -O3 -O3 -finline-functions -Wno-inline -Wall -DBOOST_ALL_NO_LIB=1 -DBOOST_FILESYSTEM_STATIC_LINK=1 -DBOOST_SYSTEM_STATIC_LINK=1 -DNDEBUG -I"." -c -o "Build/boost/bin.v2/libs/filesystem/build/7f927638a298a02d90a6384ba4ab2448/windows_file_codecvt.o" "libs/filesystem/src/windows_file_codecvt.cpp"

RmTemps Build/boost/bin.v2/libs/filesystem/build/7f927638a298a02d90a6384ba4ab2448/libboost_filesystem-mt.a(clean)

    rm -f "Build/boost/bin.v2/libs/filesystem/build/7f927638a298a02d90a6384ba4ab2448/libboost_filesystem-mt.a" 

clang-darwin.archive Build/boost/bin.v2/libs/filesystem/build/7f927638a298a02d90a6384ba4ab2448/libboost_filesystem-mt.a

  "ar"  rc "Build/boost/bin.v2/libs/filesystem/build/7f927638a298a02d90a6384ba4ab2448/libboost_filesystem-mt.a" "Build/boost/bin.v2/libs/filesystem/build/7f927638a298a02d90a6384ba4ab2448/codecvt_error_category.o" "Build/boost/bin.v2/libs/filesystem/build/7f927638a298a02d90a6384ba4ab2448/operations.o" "Build/boost/bin.v2/libs/filesystem/build/7f927638a298a02d90a6384ba4ab2448/path.o" "Build/boost/bin.v2/libs/filesystem/build/7f927638a298a02d90a6384ba4ab2448/path_traits.o" "Build/boost/bin.v2/libs/filesystem/build/7f927638a298a02d90a6384ba4ab2448/portability.o" "Build/boost/bin.v2/libs/filesystem/build/7f927638a298a02d90a6384ba4ab2448/unique_path.o" "Build/boost/bin.v2/libs/filesystem/build/7f927638a298a02d90a6384ba4ab2448/utf8_codecvt_facet.o" "Build/boost/bin.v2/libs/filesystem/build/7f927638a298a02d90a6384ba4ab2448/windows_file_codecvt.o"
  "ranlib" -cs "Build/boost/bin.v2/libs/filesystem/build/7f927638a298a02d90a6384ba4ab2448/libboost_filesystem-mt.a"

/Applications/Xcode.app/Contents/Developer/Toolchains/XcodeDefault.xctoolchain/usr/bin/ranlib: file: Build/boost/bin.v2/libs/filesystem/build/7f927638a298a02d90a6384ba4ab2448/libboost_filesystem-mt.a(windows_file_codecvt.o) has no symbols
/Applications/Xcode.app/Contents/Developer/Toolchains/XcodeDefault.xctoolchain/usr/bin/ranlib: file: Build/boost/bin.v2/libs/filesystem/build/7f927638a298a02d90a6384ba4ab2448/libboost_filesystem-mt.a(windows_file_codecvt.o) has no symbols
common.copy stage/lib/libboost_filesystem-mt.a

    cp "Build/boost/bin.v2/libs/filesystem/build/7f927638a298a02d90a6384ba4ab2448/libboost_filesystem-mt.a"  "stage/lib/libboost_filesystem-mt.a"

