
Component configuration:

    - atomic                   : not building
    - chrono                   : not building
    - container                : not building
    - context                  : not building
    - coroutine                : not building
    - date_time                : not building
    - exception                : not building
    - filesystem               : not building
    - graph                    : not building
    - graph_parallel           : not building
    - iostreams                : not building
    - locale                   : not building
    - log                      : not building
    - math                     : not building
    - mpi                      : not building
    - program_options          : not building
    - python                   : not building
    - random                   : not building
    - regex                    : not building
    - serialization            : not building
    - signals                  : not building
    - system                   : building
    - test                     : not building
    - thread                   : not building
    - timer                    : not building
    - wave                     : not building

common.mkdir stage

        mkdir -p "stage"
    
common.mkdir stage/lib

        mkdir -p "stage/lib"
    
common.mkdir Build/boost

        mkdir -p "Build/boost"
    
common.mkdir Build/boost/bin.v2

        mkdir -p "Build/boost/bin.v2"
    
common.mkdir Build/boost/bin.v2/libs

        mkdir -p "Build/boost/bin.v2/libs"
    
common.mkdir Build/boost/bin.v2/libs/system

        mkdir -p "Build/boost/bin.v2/libs/system"
    
common.mkdir Build/boost/bin.v2/libs/system/build

        mkdir -p "Build/boost/bin.v2/libs/system/build"
    
common.mkdir Build/boost/bin.v2/libs/system/build/7f927638a298a02d90a6384ba4ab2448

        mkdir -p "Build/boost/bin.v2/libs/system/build/7f927638a298a02d90a6384ba4ab2448"
    
clang-darwin.compile.c++ Build/boost/bin.v2/libs/system/build/7f927638a298a02d90a6384ba4ab2448/error_code.o

    "clang++" -x c++ -fPIC -std=c++11 -stdlib=libc++ -O3 -O3 -finline-functions -Wno-inline -Wall -DBOOST_ALL_NO_LIB=1 -DBOOST_SYSTEM_STATIC_LINK=1 -DNDEBUG -I"." -c -o "Build/boost/bin.v2/libs/system/build/7f927638a298a02d90a6384ba4ab2448/error_code.o" "libs/system/src/error_code.cpp"

RmTemps Build/boost/bin.v2/libs/system/build/7f927638a298a02d90a6384ba4ab2448/libboost_system-mt.a(clean)

    rm -f "Build/boost/bin.v2/libs/system/build/7f927638a298a02d90a6384ba4ab2448/libboost_system-mt.a" 

clang-darwin.archive Build/boost/bin.v2/libs/system/build/7f927638a298a02d90a6384ba4ab2448/libboost_system-mt.a

  "ar"  rc "Build/boost/bin.v2/libs/system/build/7f927638a298a02d90a6384ba4ab2448/libboost_system-mt.a" "Build/boost/bin.v2/libs/system/build/7f927638a298a02d90a6384ba4ab2448/error_code.o"
  "ranlib" -cs "Build/boost/bin.v2/libs/system/build/7f927638a298a02d90a6384ba4ab2448/libboost_system-mt.a"

common.copy stage/lib/libboost_system-mt.a

    cp "Build/boost/bin.v2/libs/system/build/7f927638a298a02d90a6384ba4ab2448/libboost_system-mt.a"  "stage/lib/libboost_system-mt.a"

